{
  "0 debug pnpm:scope": {
    "selected": 1
  },
  "1 debug pnpm:package-manifest": {
    "initial": {},
    "prefix": "/workspace/.pnpm-store/v3/tmp/dlx-5402"
  },
  "2 debug pnpm:context": {
    "currentLockfileExists": false,
    "storeDir": "/workspace/.pnpm-store/v3",
    "virtualStoreDir": "/workspace/.pnpm-store/v3/tmp/dlx-5402/node_modules/.pnpm"
  },
  "3 debug pnpm:stage": {
    "prefix": "/workspace/.pnpm-store/v3/tmp/dlx-5402",
    "stage": "resolution_started"
  },
  "4 debug pnpm:_dependency_resolved": {
    "resolution": "registry.npmjs.org/create-nx-workspace/13.10.5",
    "wanted": {
      "dependentId": ".",
      "name": "create-nx-workspace",
      "rawSpec": "13.10.5"
    }
  },
  "5 debug pnpm:progress": {
    "packageId": "registry.npmjs.org/create-nx-workspace/13.10.5",
    "requester": "/workspace/.pnpm-store/v3/tmp/dlx-5402",
    "status": "resolved"
  },
  "6 debug pnpm:_dependency_resolved": {
    "resolution": "registry.npmjs.org/chalk/4.1.0",
    "wanted": {
      "dependentId": "/create-nx-workspace/13.10.5",
      "name": "chalk",
      "rawSpec": "4.1.0"
    }
  },
  "7 debug pnpm:progress": {
    "packageId": "registry.npmjs.org/chalk/4.1.0",
    "requester": "/workspace/.pnpm-store/v3/tmp/dlx-5402",
    "status": "resolved"
  },
  "8 debug pnpm:_dependency_resolved": {
    "resolution": "registry.npmjs.org/ora/5.3.0",
    "wanted": {
      "dependentId": "/create-nx-workspace/13.10.5",
      "name": "ora",
      "rawSpec": "5.3.0"
    }
  },
  "9 debug pnpm:progress": {
    "packageId": "registry.npmjs.org/ora/5.3.0",
    "requester": "/workspace/.pnpm-store/v3/tmp/dlx-5402",
    "status": "resolved"
  },
  "10 debug pnpm:progress": {
    "packageId": "registry.npmjs.org/create-nx-workspace/13.10.5",
    "requester": "/workspace/.pnpm-store/v3/tmp/dlx-5402",
    "status": "found_in_store"
  },
  "11 debug pnpm:progress": {
    "packageId": "registry.npmjs.org/chalk/4.1.0",
    "requester": "/workspace/.pnpm-store/v3/tmp/dlx-5402",
    "status": "found_in_store"
  },
  "12 debug pnpm:progress": {
    "packageId": "registry.npmjs.org/ora/5.3.0",
    "requester": "/workspace/.pnpm-store/v3/tmp/dlx-5402",
    "status": "found_in_store"
  },
  "13 debug pnpm:_dependency_resolved": {
    "resolution": "registry.npmjs.org/tmp/0.2.1",
    "wanted": {
      "dependentId": "/create-nx-workspace/13.10.5",
      "name": "tmp",
      "rawSpec": "~0.2.1"
    }
  },
  "14 debug pnpm:progress": {
    "packageId": "registry.npmjs.org/tmp/0.2.1",
    "requester": "/workspace/.pnpm-store/v3/tmp/dlx-5402",
    "status": "resolved"
  },
  "15 debug pnpm:_dependency_resolved": {
    "resolution": "registry.npmjs.org/tslib/2.4.0",
    "wanted": {
      "dependentId": "/create-nx-workspace/13.10.5",
      "name": "tslib",
      "rawSpec": "^2.3.0"
    }
  },
  "16 debug pnpm:progress": {
    "packageId": "registry.npmjs.org/tslib/2.4.0",
    "requester": "/workspace/.pnpm-store/v3/tmp/dlx-5402",
    "status": "resolved"
  },
  "17 debug pnpm:progress": {
    "packageId": "registry.npmjs.org/tmp/0.2.1",
    "requester": "/workspace/.pnpm-store/v3/tmp/dlx-5402",
    "status": "found_in_store"
  },
  "18 debug pnpm:progress": {
    "packageId": "registry.npmjs.org/tslib/2.4.0",
    "requester": "/workspace/.pnpm-store/v3/tmp/dlx-5402",
    "status": "found_in_store"
  },
  "19 debug pnpm:_dependency_resolved": {
    "resolution": "registry.npmjs.org/enquirer/2.3.6",
    "wanted": {
      "dependentId": "/create-nx-workspace/13.10.5",
      "name": "enquirer",
      "rawSpec": "~2.3.6"
    }
  },
  "20 debug pnpm:progress": {
    "packageId": "registry.npmjs.org/enquirer/2.3.6",
    "requester": "/workspace/.pnpm-store/v3/tmp/dlx-5402",
    "status": "resolved"
  },
  "21 debug pnpm:_dependency_resolved": {
    "resolution": "registry.npmjs.org/flat/5.0.2",
    "wanted": {
      "dependentId": "/create-nx-workspace/13.10.5",
      "name": "flat",
      "rawSpec": "^5.0.2"
    }
  },
  "22 debug pnpm:progress": {
    "packageId": "registry.npmjs.org/flat/5.0.2",
    "requester": "/workspace/.pnpm-store/v3/tmp/dlx-5402",
    "status": "resolved"
  },
  "23 debug pnpm:progress": {
    "packageId": "registry.npmjs.org/enquirer/2.3.6",
    "requester": "/workspace/.pnpm-store/v3/tmp/dlx-5402",
    "status": "found_in_store"
  },
  "24 debug pnpm:progress": {
    "packageId": "registry.npmjs.org/flat/5.0.2",
    "requester": "/workspace/.pnpm-store/v3/tmp/dlx-5402",
    "status": "found_in_store"
  },
  "25 debug pnpm:_dependency_resolved": {
    "resolution": "registry.npmjs.org/yargs/17.5.1",
    "wanted": {
      "dependentId": "/create-nx-workspace/13.10.5",
      "name": "yargs",
      "rawSpec": "^17.4.0"
    }
  },
  "26 debug pnpm:progress": {
    "packageId": "registry.npmjs.org/yargs/17.5.1",
    "requester": "/workspace/.pnpm-store/v3/tmp/dlx-5402",
    "status": "resolved"
  },
  "27 debug pnpm:progress": {
    "packageId": "registry.npmjs.org/yargs/17.5.1",
    "requester": "/workspace/.pnpm-store/v3/tmp/dlx-5402",
    "status": "found_in_store"
  },
  "28 debug pnpm:_dependency_resolved": {
    "resolution": "registry.npmjs.org/cli-cursor/3.1.0",
    "wanted": {
      "dependentId": "/ora/5.3.0",
      "name": "cli-cursor",
      "rawSpec": "^3.1.0"
    }
  },
  "29 debug pnpm:progress": {
    "packageId": "registry.npmjs.org/cli-cursor/3.1.0",
    "requester": "/workspace/.pnpm-store/v3/tmp/dlx-5402",
    "status": "resolved"
  },
  "30 debug pnpm:_dependency_resolved": {
    "resolution": "registry.npmjs.org/chalk/4.1.0",
    "wanted": {
      "dependentId": "/ora/5.3.0",
      "name": "chalk",
      "rawSpec": "^4.1.0"
    }
  },
  "31 debug pnpm:_dependency_resolved": {
    "resolution": "registry.npmjs.org/bl/4.1.0",
    "wanted": {
      "dependentId": "/ora/5.3.0",
      "name": "bl",
      "rawSpec": "^4.0.3"
    }
  },
  "32 debug pnpm:progress": {
    "packageId": "registry.npmjs.org/bl/4.1.0",
    "requester": "/workspace/.pnpm-store/v3/tmp/dlx-5402",
    "status": "resolved"
  },
  "33 debug pnpm:_dependency_resolved": {
    "resolution": "registry.npmjs.org/ansi-styles/4.3.0",
    "wanted": {
      "dependentId": "/chalk/4.1.0",
      "name": "ansi-styles",
      "rawSpec": "^4.1.0"
    }
  },
  "34 debug pnpm:progress": {
    "packageId": "registry.npmjs.org/ansi-styles/4.3.0",
    "requester": "/workspace/.pnpm-store/v3/tmp/dlx-5402",
    "status": "resolved"
  },
  "35 debug pnpm:_dependency_resolved": {
    "resolution": "registry.npmjs.org/supports-color/7.2.0",
    "wanted": {
      "dependentId": "/chalk/4.1.0",
      "name": "supports-color",
      "rawSpec": "^7.1.0"
    }
  },
  "36 debug pnpm:progress": {
    "packageId": "registry.npmjs.org/supports-color/7.2.0",
    "requester": "/workspace/.pnpm-store/v3/tmp/dlx-5402",
    "status": "resolved"
  },
  "37 debug pnpm:progress": {
    "packageId": "registry.npmjs.org/cli-cursor/3.1.0",
    "requester": "/workspace/.pnpm-store/v3/tmp/dlx-5402",
    "status": "found_in_store"
  },
  "38 debug pnpm:progress": {
    "packageId": "registry.npmjs.org/bl/4.1.0",
    "requester": "/workspace/.pnpm-store/v3/tmp/dlx-5402",
    "status": "found_in_store"
  },
  "39 debug pnpm:progress": {
    "packageId": "registry.npmjs.org/ansi-styles/4.3.0",
    "requester": "/workspace/.pnpm-store/v3/tmp/dlx-5402",
    "status": "found_in_store"
  },
  "40 debug pnpm:progress": {
    "packageId": "registry.npmjs.org/supports-color/7.2.0",
    "requester": "/workspace/.pnpm-store/v3/tmp/dlx-5402",
    "status": "found_in_store"
  },
  "41 debug pnpm:_dependency_resolved": {
    "resolution": "registry.npmjs.org/log-symbols/4.1.0",
    "wanted": {
      "dependentId": "/ora/5.3.0",
      "name": "log-symbols",
      "rawSpec": "^4.0.0"
    }
  },
  "42 debug pnpm:progress": {
    "packageId": "registry.npmjs.org/log-symbols/4.1.0",
    "requester": "/workspace/.pnpm-store/v3/tmp/dlx-5402",
    "status": "resolved"
  },
  "43 debug pnpm:_dependency_resolved": {
    "resolution": "registry.npmjs.org/cli-spinners/2.6.1",
    "wanted": {
      "dependentId": "/ora/5.3.0",
      "name": "cli-spinners",
      "rawSpec": "^2.5.0"
    }
  },
  "44 debug pnpm:progress": {
    "packageId": "registry.npmjs.org/cli-spinners/2.6.1",
    "requester": "/workspace/.pnpm-store/v3/tmp/dlx-5402",
    "status": "resolved"
  },
  "45 debug pnpm:_dependency_resolved": {
    "resolution": "registry.npmjs.org/is-interactive/1.0.0",
    "wanted": {
      "dependentId": "/ora/5.3.0",
      "name": "is-interactive",
      "rawSpec": "^1.0.0"
    }
  },
  "46 debug pnpm:progress": {
    "packageId": "registry.npmjs.org/is-interactive/1.0.0",
    "requester": "/workspace/.pnpm-store/v3/tmp/dlx-5402",
    "status": "resolved"
  },
  "47 debug pnpm:_dependency_resolved": {
    "resolution": "registry.npmjs.org/strip-ansi/6.0.1",
    "wanted": {
      "dependentId": "/ora/5.3.0",
      "name": "strip-ansi",
      "rawSpec": "^6.0.0"
    }
  },
  "48 debug pnpm:progress": {
    "packageId": "registry.npmjs.org/strip-ansi/6.0.1",
    "requester": "/workspace/.pnpm-store/v3/tmp/dlx-5402",
    "status": "resolved"
  },
  "49 debug pnpm:progress": {
    "packageId": "registry.npmjs.org/log-symbols/4.1.0",
    "requester": "/workspace/.pnpm-store/v3/tmp/dlx-5402",
    "status": "found_in_store"
  },
  "50 debug pnpm:progress": {
    "packageId": "registry.npmjs.org/cli-spinners/2.6.1",
    "requester": "/workspace/.pnpm-store/v3/tmp/dlx-5402",
    "status": "found_in_store"
  },
  "51 debug pnpm:progress": {
    "packageId": "registry.npmjs.org/is-interactive/1.0.0",
    "requester": "/workspace/.pnpm-store/v3/tmp/dlx-5402",
    "status": "found_in_store"
  },
  "52 debug pnpm:progress": {
    "packageId": "registry.npmjs.org/strip-ansi/6.0.1",
    "requester": "/workspace/.pnpm-store/v3/tmp/dlx-5402",
    "status": "found_in_store"
  },
  "53 debug pnpm:_dependency_resolved": {
    "resolution": "registry.npmjs.org/y18n/5.0.8",
    "wanted": {
      "dependentId": "/yargs/17.5.1",
      "name": "y18n",
      "rawSpec": "^5.0.5"
    }
  },
  "54 debug pnpm:progress": {
    "packageId": "registry.npmjs.org/y18n/5.0.8",
    "requester": "/workspace/.pnpm-store/v3/tmp/dlx-5402",
    "status": "resolved"
  },
  "55 debug pnpm:_dependency_resolved": {
    "resolution": "registry.npmjs.org/yargs-parser/21.0.1",
    "wanted": {
      "dependentId": "/yargs/17.5.1",
      "name": "yargs-parser",
      "rawSpec": "^21.0.0"
    }
  },
  "56 debug pnpm:progress": {
    "packageId": "registry.npmjs.org/yargs-parser/21.0.1",
    "requester": "/workspace/.pnpm-store/v3/tmp/dlx-5402",
    "status": "resolved"
  },
  "57 debug pnpm:_dependency_resolved": {
    "resolution": "registry.npmjs.org/string-width/4.2.3",
    "wanted": {
      "dependentId": "/yargs/17.5.1",
      "name": "string-width",
      "rawSpec": "^4.2.3"
    }
  },
  "58 debug pnpm:progress": {
    "packageId": "registry.npmjs.org/string-width/4.2.3",
    "requester": "/workspace/.pnpm-store/v3/tmp/dlx-5402",
    "status": "resolved"
  },
  "59 debug pnpm:_dependency_resolved": {
    "resolution": "registry.npmjs.org/rimraf/3.0.2",
    "wanted": {
      "dependentId": "/tmp/0.2.1",
      "name": "rimraf",
      "rawSpec": "^3.0.0"
    }
  },
  "60 debug pnpm:progress": {
    "packageId": "registry.npmjs.org/rimraf/3.0.2",
    "requester": "/workspace/.pnpm-store/v3/tmp/dlx-5402",
    "status": "resolved"
  },
  "61 debug pnpm:_dependency_resolved": {
    "resolution": "registry.npmjs.org/color-convert/2.0.1",
    "wanted": {
      "dependentId": "/ansi-styles/4.3.0",
      "name": "color-convert",
      "rawSpec": "^2.0.1"
    }
  },
  "62 debug pnpm:progress": {
    "packageId": "registry.npmjs.org/color-convert/2.0.1",
    "requester": "/workspace/.pnpm-store/v3/tmp/dlx-5402",
    "status": "resolved"
  },
  "63 debug pnpm:_dependency_resolved": {
    "resolution": "registry.npmjs.org/wcwidth/1.0.1",
    "wanted": {
      "dependentId": "/ora/5.3.0",
      "name": "wcwidth",
      "rawSpec": "^1.0.1"
    }
  },
  "64 debug pnpm:progress": {
    "packageId": "registry.npmjs.org/wcwidth/1.0.1",
    "requester": "/workspace/.pnpm-store/v3/tmp/dlx-5402",
    "status": "resolved"
  },
  "65 debug pnpm:_dependency_resolved": {
    "resolution": "registry.npmjs.org/chalk/4.1.0",
    "wanted": {
      "dependentId": "/log-symbols/4.1.0",
      "name": "chalk",
      "rawSpec": "^4.1.0"
    }
  },
  "66 debug pnpm:_dependency_resolved": {
    "resolution": "registry.npmjs.org/cliui/7.0.4",
    "wanted": {
      "dependentId": "/yargs/17.5.1",
      "name": "cliui",
      "rawSpec": "^7.0.2"
    }
  },
  "67 debug pnpm:progress": {
    "packageId": "registry.npmjs.org/cliui/7.0.4",
    "requester": "/workspace/.pnpm-store/v3/tmp/dlx-5402",
    "status": "resolved"
  },
  "68 debug pnpm:_dependency_resolved": {
    "resolution": "registry.npmjs.org/has-flag/4.0.0",
    "wanted": {
      "dependentId": "/supports-color/7.2.0",
      "name": "has-flag",
      "rawSpec": "^4.0.0"
    }
  },
  "69 debug pnpm:progress": {
    "packageId": "registry.npmjs.org/has-flag/4.0.0",
    "requester": "/workspace/.pnpm-store/v3/tmp/dlx-5402",
    "status": "resolved"
  },
  "70 debug pnpm:_dependency_resolved": {
    "resolution": "registry.npmjs.org/ansi-colors/4.1.3",
    "wanted": {
      "dependentId": "/enquirer/2.3.6",
      "name": "ansi-colors",
      "rawSpec": "^4.1.1"
    }
  },
  "71 debug pnpm:progress": {
    "packageId": "registry.npmjs.org/ansi-colors/4.1.3",
    "requester": "/workspace/.pnpm-store/v3/tmp/dlx-5402",
    "status": "resolved"
  },
  "72 debug pnpm:_dependency_resolved": {
    "resolution": "registry.npmjs.org/get-caller-file/2.0.5",
    "wanted": {
      "dependentId": "/yargs/17.5.1",
      "name": "get-caller-file",
      "rawSpec": "^2.0.5"
    }
  },
  "73 debug pnpm:progress": {
    "packageId": "registry.npmjs.org/get-caller-file/2.0.5",
    "requester": "/workspace/.pnpm-store/v3/tmp/dlx-5402",
    "status": "resolved"
  },
  "74 debug pnpm:_dependency_resolved": {
    "resolution": "registry.npmjs.org/escalade/3.1.1",
    "wanted": {
      "dependentId": "/yargs/17.5.1",
      "name": "escalade",
      "rawSpec": "^3.1.1"
    }
  },
  "75 debug pnpm:progress": {
    "packageId": "registry.npmjs.org/escalade/3.1.1",
    "requester": "/workspace/.pnpm-store/v3/tmp/dlx-5402",
    "status": "resolved"
  },
  "76 debug pnpm:_dependency_resolved": {
    "resolution": "registry.npmjs.org/require-directory/2.1.1",
    "wanted": {
      "dependentId": "/yargs/17.5.1",
      "name": "require-directory",
      "rawSpec": "^2.1.1"
    }
  },
  "77 debug pnpm:progress": {
    "packageId": "registry.npmjs.org/require-directory/2.1.1",
    "requester": "/workspace/.pnpm-store/v3/tmp/dlx-5402",
    "status": "resolved"
  },
  "78 debug pnpm:_dependency_resolved": {
    "resolution": "registry.npmjs.org/strip-ansi/6.0.1",
    "wanted": {
      "dependentId": "/string-width/4.2.3",
      "name": "strip-ansi",
      "rawSpec": "^6.0.1"
    }
  },
  "79 debug pnpm:_dependency_resolved": {
    "resolution": "registry.npmjs.org/string-width/4.2.3",
    "wanted": {
      "dependentId": "/cliui/7.0.4",
      "name": "string-width",
      "rawSpec": "^4.2.0"
    }
  },
  "80 debug pnpm:_dependency_resolved": {
    "resolution": "registry.npmjs.org/strip-ansi/6.0.1",
    "wanted": {
      "dependentId": "/cliui/7.0.4",
      "name": "strip-ansi",
      "rawSpec": "^6.0.0"
    }
  },
  "81 debug pnpm:progress": {
    "packageId": "registry.npmjs.org/y18n/5.0.8",
    "requester": "/workspace/.pnpm-store/v3/tmp/dlx-5402",
    "status": "found_in_store"
  },
  "82 debug pnpm:progress": {
    "packageId": "registry.npmjs.org/yargs-parser/21.0.1",
    "requester": "/workspace/.pnpm-store/v3/tmp/dlx-5402",
    "status": "found_in_store"
  },
  "83 debug pnpm:progress": {
    "packageId": "registry.npmjs.org/string-width/4.2.3",
    "requester": "/workspace/.pnpm-store/v3/tmp/dlx-5402",
    "status": "found_in_store"
  },
  "84 debug pnpm:progress": {
    "packageId": "registry.npmjs.org/rimraf/3.0.2",
    "requester": "/workspace/.pnpm-store/v3/tmp/dlx-5402",
    "status": "found_in_store"
  },
  "85 debug pnpm:progress": {
    "packageId": "registry.npmjs.org/color-convert/2.0.1",
    "requester": "/workspace/.pnpm-store/v3/tmp/dlx-5402",
    "status": "found_in_store"
  },
  "86 debug pnpm:_dependency_resolved": {
    "resolution": "registry.npmjs.org/color-name/1.1.4",
    "wanted": {
      "dependentId": "/color-convert/2.0.1",
      "name": "color-name",
      "rawSpec": "~1.1.4"
    }
  },
  "87 debug pnpm:progress": {
    "packageId": "registry.npmjs.org/color-name/1.1.4",
    "requester": "/workspace/.pnpm-store/v3/tmp/dlx-5402",
    "status": "resolved"
  },
  "88 debug pnpm:progress": {
    "packageId": "registry.npmjs.org/wcwidth/1.0.1",
    "requester": "/workspace/.pnpm-store/v3/tmp/dlx-5402",
    "status": "found_in_store"
  },
  "89 debug pnpm:_dependency_resolved": {
    "resolution": "registry.npmjs.org/is-unicode-supported/0.1.0",
    "wanted": {
      "dependentId": "/log-symbols/4.1.0",
      "name": "is-unicode-supported",
      "rawSpec": "^0.1.0"
    }
  },
  "90 debug pnpm:progress": {
    "packageId": "registry.npmjs.org/is-unicode-supported/0.1.0",
    "requester": "/workspace/.pnpm-store/v3/tmp/dlx-5402",
    "status": "resolved"
  },
  "91 debug pnpm:progress": {
    "packageId": "registry.npmjs.org/cliui/7.0.4",
    "requester": "/workspace/.pnpm-store/v3/tmp/dlx-5402",
    "status": "found_in_store"
  },
  "92 debug pnpm:_dependency_resolved": {
    "resolution": "registry.npmjs.org/readable-stream/3.6.0",
    "wanted": {
      "dependentId": "/bl/4.1.0",
      "name": "readable-stream",
      "rawSpec": "^3.4.0"
    }
  },
  "93 debug pnpm:progress": {
    "packageId": "registry.npmjs.org/readable-stream/3.6.0",
    "requester": "/workspace/.pnpm-store/v3/tmp/dlx-5402",
    "status": "resolved"
  },
  "94 debug pnpm:_dependency_resolved": {
    "resolution": "registry.npmjs.org/defaults/1.0.3",
    "wanted": {
      "dependentId": "/wcwidth/1.0.1",
      "name": "defaults",
      "rawSpec": "^1.0.3"
    }
  },
  "95 debug pnpm:progress": {
    "packageId": "registry.npmjs.org/defaults/1.0.3",
    "requester": "/workspace/.pnpm-store/v3/tmp/dlx-5402",
    "status": "resolved"
  },
  "96 debug pnpm:progress": {
    "packageId": "registry.npmjs.org/has-flag/4.0.0",
    "requester": "/workspace/.pnpm-store/v3/tmp/dlx-5402",
    "status": "found_in_store"
  },
  "97 debug pnpm:progress": {
    "packageId": "registry.npmjs.org/ansi-colors/4.1.3",
    "requester": "/workspace/.pnpm-store/v3/tmp/dlx-5402",
    "status": "found_in_store"
  },
  "98 debug pnpm:_dependency_resolved": {
    "resolution": "registry.npmjs.org/ansi-regex/5.0.1",
    "wanted": {
      "dependentId": "/strip-ansi/6.0.1",
      "name": "ansi-regex",
      "rawSpec": "^5.0.1"
    }
  },
  "99 debug pnpm:progress": {
    "packageId": "registry.npmjs.org/ansi-regex/5.0.1",
    "requester": "/workspace/.pnpm-store/v3/tmp/dlx-5402",
    "status": "resolved"
  },
  "100 debug pnpm:_dependency_resolved": {
    "resolution": "registry.npmjs.org/restore-cursor/3.1.0",
    "wanted": {
      "dependentId": "/cli-cursor/3.1.0",
      "name": "restore-cursor",
      "rawSpec": "^3.1.0"
    }
  },
  "101 debug pnpm:progress": {
    "packageId": "registry.npmjs.org/restore-cursor/3.1.0",
    "requester": "/workspace/.pnpm-store/v3/tmp/dlx-5402",
    "status": "resolved"
  },
  "102 debug pnpm:progress": {
    "packageId": "registry.npmjs.org/get-caller-file/2.0.5",
    "requester": "/workspace/.pnpm-store/v3/tmp/dlx-5402",
    "status": "found_in_store"
  },
  "103 debug pnpm:_dependency_resolved": {
    "resolution": "registry.npmjs.org/inherits/2.0.4",
    "wanted": {
      "dependentId": "/bl/4.1.0",
      "name": "inherits",
      "rawSpec": "^2.0.4"
    }
  },
  "104 debug pnpm:progress": {
    "packageId": "registry.npmjs.org/inherits/2.0.4",
    "requester": "/workspace/.pnpm-store/v3/tmp/dlx-5402",
    "status": "resolved"
  },
  "105 debug pnpm:progress": {
    "packageId": "registry.npmjs.org/escalade/3.1.1",
    "requester": "/workspace/.pnpm-store/v3/tmp/dlx-5402",
    "status": "found_in_store"
  },
  "106 debug pnpm:_dependency_resolved": {
    "resolution": "registry.npmjs.org/glob/7.2.3",
    "wanted": {
      "dependentId": "/rimraf/3.0.2",
      "name": "glob",
      "rawSpec": "^7.1.3"
    }
  },
  "107 debug pnpm:progress": {
    "packageId": "registry.npmjs.org/glob/7.2.3",
    "requester": "/workspace/.pnpm-store/v3/tmp/dlx-5402",
    "status": "resolved"
  },
  "108 debug pnpm:_dependency_resolved": {
    "resolution": "registry.npmjs.org/inherits/2.0.4",
    "wanted": {
      "dependentId": "/glob/7.2.3",
      "name": "inherits",
      "rawSpec": "2"
    }
  },
  "109 debug pnpm:progress": {
    "packageId": "registry.npmjs.org/require-directory/2.1.1",
    "requester": "/workspace/.pnpm-store/v3/tmp/dlx-5402",
    "status": "found_in_store"
  },
  "110 debug pnpm:_dependency_resolved": {
    "resolution": "registry.npmjs.org/buffer/5.7.1",
    "wanted": {
      "dependentId": "/bl/4.1.0",
      "name": "buffer",
      "rawSpec": "^5.5.0"
    }
  },
  "111 debug pnpm:progress": {
    "packageId": "registry.npmjs.org/buffer/5.7.1",
    "requester": "/workspace/.pnpm-store/v3/tmp/dlx-5402",
    "status": "resolved"
  },
  "112 debug pnpm:_dependency_resolved": {
    "resolution": "registry.npmjs.org/inherits/2.0.4",
    "wanted": {
      "dependentId": "/readable-stream/3.6.0",
      "name": "inherits",
      "rawSpec": "^2.0.3"
    }
  },
  "113 debug pnpm:_dependency_resolved": {
    "resolution": "registry.npmjs.org/emoji-regex/8.0.0",
    "wanted": {
      "dependentId": "/string-width/4.2.3",
      "name": "emoji-regex",
      "rawSpec": "^8.0.0"
    }
  },
  "114 debug pnpm:progress": {
    "packageId": "registry.npmjs.org/emoji-regex/8.0.0",
    "requester": "/workspace/.pnpm-store/v3/tmp/dlx-5402",
    "status": "resolved"
  },
  "115 debug pnpm:_dependency_resolved": {
    "resolution": "registry.npmjs.org/wrap-ansi/7.0.0",
    "wanted": {
      "dependentId": "/cliui/7.0.4",
      "name": "wrap-ansi",
      "rawSpec": "^7.0.0"
    }
  },
  "116 debug pnpm:progress": {
    "packageId": "registry.npmjs.org/wrap-ansi/7.0.0",
    "requester": "/workspace/.pnpm-store/v3/tmp/dlx-5402",
    "status": "resolved"
  },
  "117 debug pnpm:_dependency_resolved": {
    "resolution": "registry.npmjs.org/ansi-styles/4.3.0",
    "wanted": {
      "dependentId": "/wrap-ansi/7.0.0",
      "name": "ansi-styles",
      "rawSpec": "^4.0.0"
    }
  },
  "118 debug pnpm:_dependency_resolved": {
    "resolution": "registry.npmjs.org/string-width/4.2.3",
    "wanted": {
      "dependentId": "/wrap-ansi/7.0.0",
      "name": "string-width",
      "rawSpec": "^4.1.0"
    }
  },
  "119 debug pnpm:_dependency_resolved": {
    "resolution": "registry.npmjs.org/strip-ansi/6.0.1",
    "wanted": {
      "dependentId": "/wrap-ansi/7.0.0",
      "name": "strip-ansi",
      "rawSpec": "^6.0.0"
    }
  },
  "120 debug pnpm:progress": {
    "packageId": "registry.npmjs.org/color-name/1.1.4",
    "requester": "/workspace/.pnpm-store/v3/tmp/dlx-5402",
    "status": "found_in_store"
  },
  "121 debug pnpm:progress": {
    "packageId": "registry.npmjs.org/is-unicode-supported/0.1.0",
    "requester": "/workspace/.pnpm-store/v3/tmp/dlx-5402",
    "status": "found_in_store"
  },
  "122 debug pnpm:progress": {
    "packageId": "registry.npmjs.org/readable-stream/3.6.0",
    "requester": "/workspace/.pnpm-store/v3/tmp/dlx-5402",
    "status": "found_in_store"
  },
  "123 debug pnpm:progress": {
    "packageId": "registry.npmjs.org/ansi-regex/5.0.1",
    "requester": "/workspace/.pnpm-store/v3/tmp/dlx-5402",
    "status": "found_in_store"
  },
  "124 debug pnpm:progress": {
    "packageId": "registry.npmjs.org/defaults/1.0.3",
    "requester": "/workspace/.pnpm-store/v3/tmp/dlx-5402",
    "status": "found_in_store"
  },
  "125 debug pnpm:progress": {
    "packageId": "registry.npmjs.org/restore-cursor/3.1.0",
    "requester": "/workspace/.pnpm-store/v3/tmp/dlx-5402",
    "status": "found_in_store"
  },
  "126 debug pnpm:progress": {
    "packageId": "registry.npmjs.org/inherits/2.0.4",
    "requester": "/workspace/.pnpm-store/v3/tmp/dlx-5402",
    "status": "found_in_store"
  },
  "127 debug pnpm:progress": {
    "packageId": "registry.npmjs.org/glob/7.2.3",
    "requester": "/workspace/.pnpm-store/v3/tmp/dlx-5402",
    "status": "found_in_store"
  },
  "128 debug pnpm:progress": {
    "packageId": "registry.npmjs.org/emoji-regex/8.0.0",
    "requester": "/workspace/.pnpm-store/v3/tmp/dlx-5402",
    "status": "found_in_store"
  },
  "129 debug pnpm:progress": {
    "packageId": "registry.npmjs.org/buffer/5.7.1",
    "requester": "/workspace/.pnpm-store/v3/tmp/dlx-5402",
    "status": "found_in_store"
  },
  "130 debug pnpm:progress": {
    "packageId": "registry.npmjs.org/wrap-ansi/7.0.0",
    "requester": "/workspace/.pnpm-store/v3/tmp/dlx-5402",
    "status": "found_in_store"
  },
  "131 debug pnpm:_dependency_resolved": {
    "resolution": "registry.npmjs.org/signal-exit/3.0.7",
    "wanted": {
      "dependentId": "/restore-cursor/3.1.0",
      "name": "signal-exit",
      "rawSpec": "^3.0.2"
    }
  },
  "132 debug pnpm:progress": {
    "packageId": "registry.npmjs.org/signal-exit/3.0.7",
    "requester": "/workspace/.pnpm-store/v3/tmp/dlx-5402",
    "status": "resolved"
  },
  "133 debug pnpm:_dependency_resolved": {
    "resolution": "registry.npmjs.org/is-fullwidth-code-point/3.0.0",
    "wanted": {
      "dependentId": "/string-width/4.2.3",
      "name": "is-fullwidth-code-point",
      "rawSpec": "^3.0.0"
    }
  },
  "134 debug pnpm:progress": {
    "packageId": "registry.npmjs.org/is-fullwidth-code-point/3.0.0",
    "requester": "/workspace/.pnpm-store/v3/tmp/dlx-5402",
    "status": "resolved"
  },
  "135 debug pnpm:progress": {
    "packageId": "registry.npmjs.org/signal-exit/3.0.7",
    "requester": "/workspace/.pnpm-store/v3/tmp/dlx-5402",
    "status": "found_in_store"
  },
  "136 debug pnpm:progress": {
    "packageId": "registry.npmjs.org/is-fullwidth-code-point/3.0.0",
    "requester": "/workspace/.pnpm-store/v3/tmp/dlx-5402",
    "status": "found_in_store"
  },
  "137 debug pnpm:_dependency_resolved": {
    "resolution": "registry.npmjs.org/onetime/5.1.2",
    "wanted": {
      "dependentId": "/restore-cursor/3.1.0",
      "name": "onetime",
      "rawSpec": "^5.1.0"
    }
  },
  "138 debug pnpm:progress": {
    "packageId": "registry.npmjs.org/onetime/5.1.2",
    "requester": "/workspace/.pnpm-store/v3/tmp/dlx-5402",
    "status": "resolved"
  },
  "139 debug pnpm:_dependency_resolved": {
    "resolution": "registry.npmjs.org/fs.realpath/1.0.0",
    "wanted": {
      "dependentId": "/glob/7.2.3",
      "name": "fs.realpath",
      "rawSpec": "^1.0.0"
    }
  },
  "140 debug pnpm:progress": {
    "packageId": "registry.npmjs.org/fs.realpath/1.0.0",
    "requester": "/workspace/.pnpm-store/v3/tmp/dlx-5402",
    "status": "resolved"
  },
  "141 debug pnpm:_dependency_resolved": {
    "resolution": "registry.npmjs.org/once/1.4.0",
    "wanted": {
      "dependentId": "/glob/7.2.3",
      "name": "once",
      "rawSpec": "^1.3.0"
    }
  },
  "142 debug pnpm:progress": {
    "packageId": "registry.npmjs.org/once/1.4.0",
    "requester": "/workspace/.pnpm-store/v3/tmp/dlx-5402",
    "status": "resolved"
  },
  "143 debug pnpm:_dependency_resolved": {
    "resolution": "registry.npmjs.org/minimatch/3.1.2",
    "wanted": {
      "dependentId": "/glob/7.2.3",
      "name": "minimatch",
      "rawSpec": "^3.1.1"
    }
  },
  "144 debug pnpm:progress": {
    "packageId": "registry.npmjs.org/minimatch/3.1.2",
    "requester": "/workspace/.pnpm-store/v3/tmp/dlx-5402",
    "status": "resolved"
  },
  "145 debug pnpm:_dependency_resolved": {
    "resolution": "registry.npmjs.org/clone/1.0.4",
    "wanted": {
      "dependentId": "/defaults/1.0.3",
      "name": "clone",
      "rawSpec": "^1.0.2"
    }
  },
  "146 debug pnpm:progress": {
    "packageId": "registry.npmjs.org/clone/1.0.4",
    "requester": "/workspace/.pnpm-store/v3/tmp/dlx-5402",
    "status": "resolved"
  },
  "147 debug pnpm:_dependency_resolved": {
    "resolution": "registry.npmjs.org/inflight/1.0.6",
    "wanted": {
      "dependentId": "/glob/7.2.3",
      "name": "inflight",
      "rawSpec": "^1.0.4"
    }
  },
  "148 debug pnpm:progress": {
    "packageId": "registry.npmjs.org/inflight/1.0.6",
    "requester": "/workspace/.pnpm-store/v3/tmp/dlx-5402",
    "status": "resolved"
  },
  "149 debug pnpm:_dependency_resolved": {
    "resolution": "registry.npmjs.org/path-is-absolute/1.0.1",
    "wanted": {
      "dependentId": "/glob/7.2.3",
      "name": "path-is-absolute",
      "rawSpec": "^1.0.0"
    }
  },
  "150 debug pnpm:progress": {
    "packageId": "registry.npmjs.org/path-is-absolute/1.0.1",
    "requester": "/workspace/.pnpm-store/v3/tmp/dlx-5402",
    "status": "resolved"
  },
  "151 debug pnpm:_dependency_resolved": {
    "resolution": "registry.npmjs.org/once/1.4.0",
    "wanted": {
      "dependentId": "/inflight/1.0.6",
      "name": "once",
      "rawSpec": "^1.3.0"
    }
  },
  "152 debug pnpm:_dependency_resolved": {
    "resolution": "registry.npmjs.org/util-deprecate/1.0.2",
    "wanted": {
      "dependentId": "/readable-stream/3.6.0",
      "name": "util-deprecate",
      "rawSpec": "^1.0.1"
    }
  },
  "153 debug pnpm:progress": {
    "packageId": "registry.npmjs.org/util-deprecate/1.0.2",
    "requester": "/workspace/.pnpm-store/v3/tmp/dlx-5402",
    "status": "resolved"
  },
  "154 debug pnpm:_dependency_resolved": {
    "resolution": "registry.npmjs.org/ieee754/1.2.1",
    "wanted": {
      "dependentId": "/buffer/5.7.1",
      "name": "ieee754",
      "rawSpec": "^1.1.13"
    }
  },
  "155 debug pnpm:progress": {
    "packageId": "registry.npmjs.org/ieee754/1.2.1",
    "requester": "/workspace/.pnpm-store/v3/tmp/dlx-5402",
    "status": "resolved"
  },
  "156 debug pnpm:_dependency_resolved": {
    "resolution": "registry.npmjs.org/string_decoder/1.3.0",
    "wanted": {
      "dependentId": "/readable-stream/3.6.0",
      "name": "string_decoder",
      "rawSpec": "^1.1.1"
    }
  },
  "157 debug pnpm:progress": {
    "packageId": "registry.npmjs.org/string_decoder/1.3.0",
    "requester": "/workspace/.pnpm-store/v3/tmp/dlx-5402",
    "status": "resolved"
  },
  "158 debug pnpm:_dependency_resolved": {
    "resolution": "registry.npmjs.org/base64-js/1.5.1",
    "wanted": {
      "dependentId": "/buffer/5.7.1",
      "name": "base64-js",
      "rawSpec": "^1.3.1"
    }
  },
  "159 debug pnpm:progress": {
    "packageId": "registry.npmjs.org/base64-js/1.5.1",
    "requester": "/workspace/.pnpm-store/v3/tmp/dlx-5402",
    "status": "resolved"
  },
  "160 debug pnpm:progress": {
    "packageId": "registry.npmjs.org/onetime/5.1.2",
    "requester": "/workspace/.pnpm-store/v3/tmp/dlx-5402",
    "status": "found_in_store"
  },
  "161 debug pnpm:progress": {
    "packageId": "registry.npmjs.org/once/1.4.0",
    "requester": "/workspace/.pnpm-store/v3/tmp/dlx-5402",
    "status": "found_in_store"
  },
  "162 debug pnpm:progress": {
    "packageId": "registry.npmjs.org/minimatch/3.1.2",
    "requester": "/workspace/.pnpm-store/v3/tmp/dlx-5402",
    "status": "found_in_store"
  },
  "163 debug pnpm:progress": {
    "packageId": "registry.npmjs.org/fs.realpath/1.0.0",
    "requester": "/workspace/.pnpm-store/v3/tmp/dlx-5402",
    "status": "found_in_store"
  },
  "164 debug pnpm:progress": {
    "packageId": "registry.npmjs.org/inflight/1.0.6",
    "requester": "/workspace/.pnpm-store/v3/tmp/dlx-5402",
    "status": "found_in_store"
  },
  "165 debug pnpm:progress": {
    "packageId": "registry.npmjs.org/clone/1.0.4",
    "requester": "/workspace/.pnpm-store/v3/tmp/dlx-5402",
    "status": "found_in_store"
  },
  "166 debug pnpm:progress": {
    "packageId": "registry.npmjs.org/path-is-absolute/1.0.1",
    "requester": "/workspace/.pnpm-store/v3/tmp/dlx-5402",
    "status": "found_in_store"
  },
  "167 debug pnpm:progress": {
    "packageId": "registry.npmjs.org/util-deprecate/1.0.2",
    "requester": "/workspace/.pnpm-store/v3/tmp/dlx-5402",
    "status": "found_in_store"
  },
  "168 debug pnpm:progress": {
    "packageId": "registry.npmjs.org/ieee754/1.2.1",
    "requester": "/workspace/.pnpm-store/v3/tmp/dlx-5402",
    "status": "found_in_store"
  },
  "169 debug pnpm:progress": {
    "packageId": "registry.npmjs.org/string_decoder/1.3.0",
    "requester": "/workspace/.pnpm-store/v3/tmp/dlx-5402",
    "status": "found_in_store"
  },
  "170 debug pnpm:progress": {
    "packageId": "registry.npmjs.org/base64-js/1.5.1",
    "requester": "/workspace/.pnpm-store/v3/tmp/dlx-5402",
    "status": "found_in_store"
  },
  "171 debug pnpm:_dependency_resolved": {
    "resolution": "registry.npmjs.org/mimic-fn/2.1.0",
    "wanted": {
      "dependentId": "/onetime/5.1.2",
      "name": "mimic-fn",
      "rawSpec": "^2.1.0"
    }
  },
  "172 debug pnpm:progress": {
    "packageId": "registry.npmjs.org/mimic-fn/2.1.0",
    "requester": "/workspace/.pnpm-store/v3/tmp/dlx-5402",
    "status": "resolved"
  },
  "173 debug pnpm:progress": {
    "packageId": "registry.npmjs.org/mimic-fn/2.1.0",
    "requester": "/workspace/.pnpm-store/v3/tmp/dlx-5402",
    "status": "found_in_store"
  },
  "174 debug pnpm:_dependency_resolved": {
    "resolution": "registry.npmjs.org/brace-expansion/1.1.11",
    "wanted": {
      "dependentId": "/minimatch/3.1.2",
      "name": "brace-expansion",
      "rawSpec": "^1.1.7"
    }
  },
  "175 debug pnpm:progress": {
    "packageId": "registry.npmjs.org/brace-expansion/1.1.11",
    "requester": "/workspace/.pnpm-store/v3/tmp/dlx-5402",
    "status": "resolved"
  },
  "176 debug pnpm:_dependency_resolved": {
    "resolution": "registry.npmjs.org/concat-map/0.0.1",
    "wanted": {
      "dependentId": "/brace-expansion/1.1.11",
      "name": "concat-map",
      "rawSpec": "0.0.1"
    }
  },
  "177 debug pnpm:progress": {
    "packageId": "registry.npmjs.org/concat-map/0.0.1",
    "requester": "/workspace/.pnpm-store/v3/tmp/dlx-5402",
    "status": "resolved"
  },
  "178 debug pnpm:_dependency_resolved": {
    "resolution": "registry.npmjs.org/safe-buffer/5.2.1",
    "wanted": {
      "dependentId": "/string_decoder/1.3.0",
      "name": "safe-buffer",
      "rawSpec": "~5.2.0"
    }
  },
  "179 debug pnpm:progress": {
    "packageId": "registry.npmjs.org/safe-buffer/5.2.1",
    "requester": "/workspace/.pnpm-store/v3/tmp/dlx-5402",
    "status": "resolved"
  },
  "180 debug pnpm:progress": {
    "packageId": "registry.npmjs.org/brace-expansion/1.1.11",
    "requester": "/workspace/.pnpm-store/v3/tmp/dlx-5402",
    "status": "found_in_store"
  },
  "181 debug pnpm:progress": {
    "packageId": "registry.npmjs.org/concat-map/0.0.1",
    "requester": "/workspace/.pnpm-store/v3/tmp/dlx-5402",
    "status": "found_in_store"
  },
  "182 debug pnpm:progress": {
    "packageId": "registry.npmjs.org/safe-buffer/5.2.1",
    "requester": "/workspace/.pnpm-store/v3/tmp/dlx-5402",
    "status": "found_in_store"
  },
  "183 debug pnpm:_dependency_resolved": {
    "resolution": "registry.npmjs.org/wrappy/1.0.2",
    "wanted": {
      "dependentId": "/once/1.4.0",
      "name": "wrappy",
      "rawSpec": "1"
    }
  },
  "184 debug pnpm:_dependency_resolved": {
    "resolution": "registry.npmjs.org/wrappy/1.0.2",
    "wanted": {
      "dependentId": "/inflight/1.0.6",
      "name": "wrappy",
      "rawSpec": "1"
    }
  },
  "185 debug pnpm:progress": {
    "packageId": "registry.npmjs.org/wrappy/1.0.2",
    "requester": "/workspace/.pnpm-store/v3/tmp/dlx-5402",
    "status": "resolved"
  },
  "186 debug pnpm:progress": {
    "packageId": "registry.npmjs.org/wrappy/1.0.2",
    "requester": "/workspace/.pnpm-store/v3/tmp/dlx-5402",
    "status": "found_in_store"
  },
  "187 debug pnpm:_dependency_resolved": {
    "resolution": "registry.npmjs.org/balanced-match/1.0.2",
    "wanted": {
      "dependentId": "/brace-expansion/1.1.11",
      "name": "balanced-match",
      "rawSpec": "^1.0.0"
    }
  },
  "188 debug pnpm:progress": {
    "packageId": "registry.npmjs.org/balanced-match/1.0.2",
    "requester": "/workspace/.pnpm-store/v3/tmp/dlx-5402",
    "status": "resolved"
  },
  "189 debug pnpm:package-manifest": {
    "prefix": "/workspace/.pnpm-store/v3/tmp/dlx-5402",
    "updated": {
      "dependencies": {
        "create-nx-workspace": "13.10.5"
      }
    }
  },
  "190 debug pnpm:package-manifest": {
    "prefix": "/workspace/.pnpm-store/v3/tmp/dlx-5402",
    "updated": {
      "dependencies": {
        "create-nx-workspace": "13.10.5"
      }
    }
  },
  "191 debug pnpm:stage": {
    "prefix": "/workspace/.pnpm-store/v3/tmp/dlx-5402",
    "stage": "resolution_done"
  },
  "192 debug pnpm:stats": {
    "prefix": "/workspace/.pnpm-store/v3/tmp/dlx-5402",
    "removed": 0
  },
  "193 debug pnpm:stage": {
    "prefix": "/workspace/.pnpm-store/v3/tmp/dlx-5402",
    "stage": "importing_started"
  },
  "194 debug pnpm:stats": {
    "added": 58,
    "prefix": "/workspace/.pnpm-store/v3/tmp/dlx-5402"
  },
  "195 debug pnpm:progress": {
    "packageId": "registry.npmjs.org/balanced-match/1.0.2",
    "requester": "/workspace/.pnpm-store/v3/tmp/dlx-5402",
    "status": "found_in_store"
  },
  "196 debug pnpm:link": {
    "target": "/workspace/.pnpm-store/v3/tmp/dlx-5402/node_modules/.pnpm/tmp@0.2.1/node_modules/tmp",
    "link": "/workspace/.pnpm-store/v3/tmp/dlx-5402/node_modules/.pnpm/create-nx-workspace@13.10.5/node_modules/tmp"
  },
  "197 debug pnpm:link": {
    "target": "/workspace/.pnpm-store/v3/tmp/dlx-5402/node_modules/.pnpm/yargs@17.5.1/node_modules/yargs",
    "link": "/workspace/.pnpm-store/v3/tmp/dlx-5402/node_modules/.pnpm/create-nx-workspace@13.10.5/node_modules/yargs"
  },
  "198 debug pnpm:link": {
    "target": "/workspace/.pnpm-store/v3/tmp/dlx-5402/node_modules/.pnpm/enquirer@2.3.6/node_modules/enquirer",
    "link": "/workspace/.pnpm-store/v3/tmp/dlx-5402/node_modules/.pnpm/create-nx-workspace@13.10.5/node_modules/enquirer"
  },
  "199 debug pnpm:link": {
    "target": "/workspace/.pnpm-store/v3/tmp/dlx-5402/node_modules/.pnpm/flat@5.0.2/node_modules/flat",
    "link": "/workspace/.pnpm-store/v3/tmp/dlx-5402/node_modules/.pnpm/create-nx-workspace@13.10.5/node_modules/flat"
  },
  "200 debug pnpm:link": {
    "target": "/workspace/.pnpm-store/v3/tmp/dlx-5402/node_modules/.pnpm/chalk@4.1.0/node_modules/chalk",
    "link": "/workspace/.pnpm-store/v3/tmp/dlx-5402/node_modules/.pnpm/create-nx-workspace@13.10.5/node_modules/chalk"
  },
  "201 debug pnpm:link": {
    "target": "/workspace/.pnpm-store/v3/tmp/dlx-5402/node_modules/.pnpm/ora@5.3.0/node_modules/ora",
    "link": "/workspace/.pnpm-store/v3/tmp/dlx-5402/node_modules/.pnpm/create-nx-workspace@13.10.5/node_modules/ora"
  },
  "202 debug pnpm:link": {
    "target": "/workspace/.pnpm-store/v3/tmp/dlx-5402/node_modules/.pnpm/tslib@2.4.0/node_modules/tslib",
    "link": "/workspace/.pnpm-store/v3/tmp/dlx-5402/node_modules/.pnpm/create-nx-workspace@13.10.5/node_modules/tslib"
  },
  "203 debug pnpm:link": {
    "target": "/workspace/.pnpm-store/v3/tmp/dlx-5402/node_modules/.pnpm/rimraf@3.0.2/node_modules/rimraf",
    "link": "/workspace/.pnpm-store/v3/tmp/dlx-5402/node_modules/.pnpm/tmp@0.2.1/node_modules/rimraf"
  },
  "204 debug pnpm:link": {
    "target": "/workspace/.pnpm-store/v3/tmp/dlx-5402/node_modules/.pnpm/glob@7.2.3/node_modules/glob",
    "link": "/workspace/.pnpm-store/v3/tmp/dlx-5402/node_modules/.pnpm/rimraf@3.0.2/node_modules/glob"
  },
  "205 debug pnpm:link": {
    "target": "/workspace/.pnpm-store/v3/tmp/dlx-5402/node_modules/.pnpm/fs.realpath@1.0.0/node_modules/fs.realpath",
    "link": "/workspace/.pnpm-store/v3/tmp/dlx-5402/node_modules/.pnpm/glob@7.2.3/node_modules/fs.realpath"
  },
  "206 debug pnpm:link": {
    "target": "/workspace/.pnpm-store/v3/tmp/dlx-5402/node_modules/.pnpm/inflight@1.0.6/node_modules/inflight",
    "link": "/workspace/.pnpm-store/v3/tmp/dlx-5402/node_modules/.pnpm/glob@7.2.3/node_modules/inflight"
  },
  "207 debug pnpm:link": {
    "target": "/workspace/.pnpm-store/v3/tmp/dlx-5402/node_modules/.pnpm/inherits@2.0.4/node_modules/inherits",
    "link": "/workspace/.pnpm-store/v3/tmp/dlx-5402/node_modules/.pnpm/glob@7.2.3/node_modules/inherits"
  },
  "208 debug pnpm:link": {
    "target": "/workspace/.pnpm-store/v3/tmp/dlx-5402/node_modules/.pnpm/minimatch@3.1.2/node_modules/minimatch",
    "link": "/workspace/.pnpm-store/v3/tmp/dlx-5402/node_modules/.pnpm/glob@7.2.3/node_modules/minimatch"
  },
  "209 debug pnpm:link": {
    "target": "/workspace/.pnpm-store/v3/tmp/dlx-5402/node_modules/.pnpm/once@1.4.0/node_modules/once",
    "link": "/workspace/.pnpm-store/v3/tmp/dlx-5402/node_modules/.pnpm/glob@7.2.3/node_modules/once"
  },
  "210 debug pnpm:link": {
    "target": "/workspace/.pnpm-store/v3/tmp/dlx-5402/node_modules/.pnpm/path-is-absolute@1.0.1/node_modules/path-is-absolute",
    "link": "/workspace/.pnpm-store/v3/tmp/dlx-5402/node_modules/.pnpm/glob@7.2.3/node_modules/path-is-absolute"
  },
  "211 debug pnpm:link": {
    "target": "/workspace/.pnpm-store/v3/tmp/dlx-5402/node_modules/.pnpm/once@1.4.0/node_modules/once",
    "link": "/workspace/.pnpm-store/v3/tmp/dlx-5402/node_modules/.pnpm/inflight@1.0.6/node_modules/once"
  },
  "212 debug pnpm:link": {
    "target": "/workspace/.pnpm-store/v3/tmp/dlx-5402/node_modules/.pnpm/wrappy@1.0.2/node_modules/wrappy",
    "link": "/workspace/.pnpm-store/v3/tmp/dlx-5402/node_modules/.pnpm/inflight@1.0.6/node_modules/wrappy"
  },
  "213 debug pnpm:link": {
    "target": "/workspace/.pnpm-store/v3/tmp/dlx-5402/node_modules/.pnpm/brace-expansion@1.1.11/node_modules/brace-expansion",
    "link": "/workspace/.pnpm-store/v3/tmp/dlx-5402/node_modules/.pnpm/minimatch@3.1.2/node_modules/brace-expansion"
  },
  "214 debug pnpm:link": {
    "target": "/workspace/.pnpm-store/v3/tmp/dlx-5402/node_modules/.pnpm/balanced-match@1.0.2/node_modules/balanced-match",
    "link": "/workspace/.pnpm-store/v3/tmp/dlx-5402/node_modules/.pnpm/brace-expansion@1.1.11/node_modules/balanced-match"
  },
  "215 debug pnpm:link": {
    "target": "/workspace/.pnpm-store/v3/tmp/dlx-5402/node_modules/.pnpm/concat-map@0.0.1/node_modules/concat-map",
    "link": "/workspace/.pnpm-store/v3/tmp/dlx-5402/node_modules/.pnpm/brace-expansion@1.1.11/node_modules/concat-map"
  },
  "216 debug pnpm:link": {
    "target": "/workspace/.pnpm-store/v3/tmp/dlx-5402/node_modules/.pnpm/wrappy@1.0.2/node_modules/wrappy",
    "link": "/workspace/.pnpm-store/v3/tmp/dlx-5402/node_modules/.pnpm/once@1.4.0/node_modules/wrappy"
  },
  "217 debug pnpm:link": {
    "target": "/workspace/.pnpm-store/v3/tmp/dlx-5402/node_modules/.pnpm/cliui@7.0.4/node_modules/cliui",
    "link": "/workspace/.pnpm-store/v3/tmp/dlx-5402/node_modules/.pnpm/yargs@17.5.1/node_modules/cliui"
  },
  "218 debug pnpm:link": {
    "target": "/workspace/.pnpm-store/v3/tmp/dlx-5402/node_modules/.pnpm/escalade@3.1.1/node_modules/escalade",
    "link": "/workspace/.pnpm-store/v3/tmp/dlx-5402/node_modules/.pnpm/yargs@17.5.1/node_modules/escalade"
  },
  "219 debug pnpm:link": {
    "target": "/workspace/.pnpm-store/v3/tmp/dlx-5402/node_modules/.pnpm/get-caller-file@2.0.5/node_modules/get-caller-file",
    "link": "/workspace/.pnpm-store/v3/tmp/dlx-5402/node_modules/.pnpm/yargs@17.5.1/node_modules/get-caller-file"
  },
  "220 debug pnpm:link": {
    "target": "/workspace/.pnpm-store/v3/tmp/dlx-5402/node_modules/.pnpm/require-directory@2.1.1/node_modules/require-directory",
    "link": "/workspace/.pnpm-store/v3/tmp/dlx-5402/node_modules/.pnpm/yargs@17.5.1/node_modules/require-directory"
  },
  "221 debug pnpm:link": {
    "target": "/workspace/.pnpm-store/v3/tmp/dlx-5402/node_modules/.pnpm/string-width@4.2.3/node_modules/string-width",
    "link": "/workspace/.pnpm-store/v3/tmp/dlx-5402/node_modules/.pnpm/yargs@17.5.1/node_modules/string-width"
  },
  "222 debug pnpm:link": {
    "target": "/workspace/.pnpm-store/v3/tmp/dlx-5402/node_modules/.pnpm/y18n@5.0.8/node_modules/y18n",
    "link": "/workspace/.pnpm-store/v3/tmp/dlx-5402/node_modules/.pnpm/yargs@17.5.1/node_modules/y18n"
  },
  "223 debug pnpm:link": {
    "target": "/workspace/.pnpm-store/v3/tmp/dlx-5402/node_modules/.pnpm/yargs-parser@21.0.1/node_modules/yargs-parser",
    "link": "/workspace/.pnpm-store/v3/tmp/dlx-5402/node_modules/.pnpm/yargs@17.5.1/node_modules/yargs-parser"
  },
  "224 debug pnpm:link": {
    "target": "/workspace/.pnpm-store/v3/tmp/dlx-5402/node_modules/.pnpm/string-width@4.2.3/node_modules/string-width",
    "link": "/workspace/.pnpm-store/v3/tmp/dlx-5402/node_modules/.pnpm/cliui@7.0.4/node_modules/string-width"
  },
  "225 debug pnpm:link": {
    "target": "/workspace/.pnpm-store/v3/tmp/dlx-5402/node_modules/.pnpm/strip-ansi@6.0.1/node_modules/strip-ansi",
    "link": "/workspace/.pnpm-store/v3/tmp/dlx-5402/node_modules/.pnpm/cliui@7.0.4/node_modules/strip-ansi"
  },
  "226 debug pnpm:link": {
    "target": "/workspace/.pnpm-store/v3/tmp/dlx-5402/node_modules/.pnpm/wrap-ansi@7.0.0/node_modules/wrap-ansi",
    "link": "/workspace/.pnpm-store/v3/tmp/dlx-5402/node_modules/.pnpm/cliui@7.0.4/node_modules/wrap-ansi"
  },
  "227 debug pnpm:link": {
    "target": "/workspace/.pnpm-store/v3/tmp/dlx-5402/node_modules/.pnpm/ansi-regex@5.0.1/node_modules/ansi-regex",
    "link": "/workspace/.pnpm-store/v3/tmp/dlx-5402/node_modules/.pnpm/strip-ansi@6.0.1/node_modules/ansi-regex"
  },
  "228 debug pnpm:link": {
    "target": "/workspace/.pnpm-store/v3/tmp/dlx-5402/node_modules/.pnpm/ansi-styles@4.3.0/node_modules/ansi-styles",
    "link": "/workspace/.pnpm-store/v3/tmp/dlx-5402/node_modules/.pnpm/wrap-ansi@7.0.0/node_modules/ansi-styles"
  },
  "229 debug pnpm:link": {
    "target": "/workspace/.pnpm-store/v3/tmp/dlx-5402/node_modules/.pnpm/string-width@4.2.3/node_modules/string-width",
    "link": "/workspace/.pnpm-store/v3/tmp/dlx-5402/node_modules/.pnpm/wrap-ansi@7.0.0/node_modules/string-width"
  },
  "230 debug pnpm:link": {
    "target": "/workspace/.pnpm-store/v3/tmp/dlx-5402/node_modules/.pnpm/strip-ansi@6.0.1/node_modules/strip-ansi",
    "link": "/workspace/.pnpm-store/v3/tmp/dlx-5402/node_modules/.pnpm/wrap-ansi@7.0.0/node_modules/strip-ansi"
  },
  "231 debug pnpm:link": {
    "target": "/workspace/.pnpm-store/v3/tmp/dlx-5402/node_modules/.pnpm/color-convert@2.0.1/node_modules/color-convert",
    "link": "/workspace/.pnpm-store/v3/tmp/dlx-5402/node_modules/.pnpm/ansi-styles@4.3.0/node_modules/color-convert"
  },
  "232 debug pnpm:link": {
    "target": "/workspace/.pnpm-store/v3/tmp/dlx-5402/node_modules/.pnpm/color-name@1.1.4/node_modules/color-name",
    "link": "/workspace/.pnpm-store/v3/tmp/dlx-5402/node_modules/.pnpm/color-convert@2.0.1/node_modules/color-name"
  },
  "233 debug pnpm:link": {
    "target": "/workspace/.pnpm-store/v3/tmp/dlx-5402/node_modules/.pnpm/emoji-regex@8.0.0/node_modules/emoji-regex",
    "link": "/workspace/.pnpm-store/v3/tmp/dlx-5402/node_modules/.pnpm/string-width@4.2.3/node_modules/emoji-regex"
  },
  "234 debug pnpm:link": {
    "target": "/workspace/.pnpm-store/v3/tmp/dlx-5402/node_modules/.pnpm/is-fullwidth-code-point@3.0.0/node_modules/is-fullwidth-code-point",
    "link": "/workspace/.pnpm-store/v3/tmp/dlx-5402/node_modules/.pnpm/string-width@4.2.3/node_modules/is-fullwidth-code-point"
  },
  "235 debug pnpm:link": {
    "target": "/workspace/.pnpm-store/v3/tmp/dlx-5402/node_modules/.pnpm/strip-ansi@6.0.1/node_modules/strip-ansi",
    "link": "/workspace/.pnpm-store/v3/tmp/dlx-5402/node_modules/.pnpm/string-width@4.2.3/node_modules/strip-ansi"
  },
  "236 debug pnpm:link": {
    "target": "/workspace/.pnpm-store/v3/tmp/dlx-5402/node_modules/.pnpm/ansi-colors@4.1.3/node_modules/ansi-colors",
    "link": "/workspace/.pnpm-store/v3/tmp/dlx-5402/node_modules/.pnpm/enquirer@2.3.6/node_modules/ansi-colors"
  },
  "237 debug pnpm:link": {
    "target": "/workspace/.pnpm-store/v3/tmp/dlx-5402/node_modules/.pnpm/ansi-styles@4.3.0/node_modules/ansi-styles",
    "link": "/workspace/.pnpm-store/v3/tmp/dlx-5402/node_modules/.pnpm/chalk@4.1.0/node_modules/ansi-styles"
  },
  "238 debug pnpm:link": {
    "target": "/workspace/.pnpm-store/v3/tmp/dlx-5402/node_modules/.pnpm/supports-color@7.2.0/node_modules/supports-color",
    "link": "/workspace/.pnpm-store/v3/tmp/dlx-5402/node_modules/.pnpm/chalk@4.1.0/node_modules/supports-color"
  },
  "239 debug pnpm:link": {
    "target": "/workspace/.pnpm-store/v3/tmp/dlx-5402/node_modules/.pnpm/has-flag@4.0.0/node_modules/has-flag",
    "link": "/workspace/.pnpm-store/v3/tmp/dlx-5402/node_modules/.pnpm/supports-color@7.2.0/node_modules/has-flag"
  },
  "240 debug pnpm:link": {
    "target": "/workspace/.pnpm-store/v3/tmp/dlx-5402/node_modules/.pnpm/bl@4.1.0/node_modules/bl",
    "link": "/workspace/.pnpm-store/v3/tmp/dlx-5402/node_modules/.pnpm/ora@5.3.0/node_modules/bl"
  },
  "241 debug pnpm:link": {
    "target": "/workspace/.pnpm-store/v3/tmp/dlx-5402/node_modules/.pnpm/chalk@4.1.0/node_modules/chalk",
    "link": "/workspace/.pnpm-store/v3/tmp/dlx-5402/node_modules/.pnpm/ora@5.3.0/node_modules/chalk"
  },
  "242 debug pnpm:link": {
    "target": "/workspace/.pnpm-store/v3/tmp/dlx-5402/node_modules/.pnpm/cli-cursor@3.1.0/node_modules/cli-cursor",
    "link": "/workspace/.pnpm-store/v3/tmp/dlx-5402/node_modules/.pnpm/ora@5.3.0/node_modules/cli-cursor"
  },
  "243 debug pnpm:link": {
    "target": "/workspace/.pnpm-store/v3/tmp/dlx-5402/node_modules/.pnpm/cli-spinners@2.6.1/node_modules/cli-spinners",
    "link": "/workspace/.pnpm-store/v3/tmp/dlx-5402/node_modules/.pnpm/ora@5.3.0/node_modules/cli-spinners"
  },
  "244 debug pnpm:link": {
    "target": "/workspace/.pnpm-store/v3/tmp/dlx-5402/node_modules/.pnpm/is-interactive@1.0.0/node_modules/is-interactive",
    "link": "/workspace/.pnpm-store/v3/tmp/dlx-5402/node_modules/.pnpm/ora@5.3.0/node_modules/is-interactive"
  },
  "245 debug pnpm:link": {
    "target": "/workspace/.pnpm-store/v3/tmp/dlx-5402/node_modules/.pnpm/log-symbols@4.1.0/node_modules/log-symbols",
    "link": "/workspace/.pnpm-store/v3/tmp/dlx-5402/node_modules/.pnpm/ora@5.3.0/node_modules/log-symbols"
  },
  "246 debug pnpm:link": {
    "target": "/workspace/.pnpm-store/v3/tmp/dlx-5402/node_modules/.pnpm/strip-ansi@6.0.1/node_modules/strip-ansi",
    "link": "/workspace/.pnpm-store/v3/tmp/dlx-5402/node_modules/.pnpm/ora@5.3.0/node_modules/strip-ansi"
  },
  "247 debug pnpm:link": {
    "target": "/workspace/.pnpm-store/v3/tmp/dlx-5402/node_modules/.pnpm/wcwidth@1.0.1/node_modules/wcwidth",
    "link": "/workspace/.pnpm-store/v3/tmp/dlx-5402/node_modules/.pnpm/ora@5.3.0/node_modules/wcwidth"
  },
  "248 debug pnpm:link": {
    "target": "/workspace/.pnpm-store/v3/tmp/dlx-5402/node_modules/.pnpm/buffer@5.7.1/node_modules/buffer",
    "link": "/workspace/.pnpm-store/v3/tmp/dlx-5402/node_modules/.pnpm/bl@4.1.0/node_modules/buffer"
  },
  "249 debug pnpm:link": {
    "target": "/workspace/.pnpm-store/v3/tmp/dlx-5402/node_modules/.pnpm/inherits@2.0.4/node_modules/inherits",
    "link": "/workspace/.pnpm-store/v3/tmp/dlx-5402/node_modules/.pnpm/bl@4.1.0/node_modules/inherits"
  },
  "250 debug pnpm:link": {
    "target": "/workspace/.pnpm-store/v3/tmp/dlx-5402/node_modules/.pnpm/readable-stream@3.6.0/node_modules/readable-stream",
    "link": "/workspace/.pnpm-store/v3/tmp/dlx-5402/node_modules/.pnpm/bl@4.1.0/node_modules/readable-stream"
  },
  "251 debug pnpm:link": {
    "target": "/workspace/.pnpm-store/v3/tmp/dlx-5402/node_modules/.pnpm/base64-js@1.5.1/node_modules/base64-js",
    "link": "/workspace/.pnpm-store/v3/tmp/dlx-5402/node_modules/.pnpm/buffer@5.7.1/node_modules/base64-js"
  },
  "252 debug pnpm:link": {
    "target": "/workspace/.pnpm-store/v3/tmp/dlx-5402/node_modules/.pnpm/ieee754@1.2.1/node_modules/ieee754",
    "link": "/workspace/.pnpm-store/v3/tmp/dlx-5402/node_modules/.pnpm/buffer@5.7.1/node_modules/ieee754"
  },
  "253 debug pnpm:link": {
    "target": "/workspace/.pnpm-store/v3/tmp/dlx-5402/node_modules/.pnpm/inherits@2.0.4/node_modules/inherits",
    "link": "/workspace/.pnpm-store/v3/tmp/dlx-5402/node_modules/.pnpm/readable-stream@3.6.0/node_modules/inherits"
  },
  "254 debug pnpm:link": {
    "target": "/workspace/.pnpm-store/v3/tmp/dlx-5402/node_modules/.pnpm/string_decoder@1.3.0/node_modules/string_decoder",
    "link": "/workspace/.pnpm-store/v3/tmp/dlx-5402/node_modules/.pnpm/readable-stream@3.6.0/node_modules/string_decoder"
  },
  "255 debug pnpm:link": {
    "target": "/workspace/.pnpm-store/v3/tmp/dlx-5402/node_modules/.pnpm/util-deprecate@1.0.2/node_modules/util-deprecate",
    "link": "/workspace/.pnpm-store/v3/tmp/dlx-5402/node_modules/.pnpm/readable-stream@3.6.0/node_modules/util-deprecate"
  },
  "256 debug pnpm:link": {
    "target": "/workspace/.pnpm-store/v3/tmp/dlx-5402/node_modules/.pnpm/safe-buffer@5.2.1/node_modules/safe-buffer",
    "link": "/workspace/.pnpm-store/v3/tmp/dlx-5402/node_modules/.pnpm/string_decoder@1.3.0/node_modules/safe-buffer"
  },
  "257 debug pnpm:link": {
    "target": "/workspace/.pnpm-store/v3/tmp/dlx-5402/node_modules/.pnpm/restore-cursor@3.1.0/node_modules/restore-cursor",
    "link": "/workspace/.pnpm-store/v3/tmp/dlx-5402/node_modules/.pnpm/cli-cursor@3.1.0/node_modules/restore-cursor"
  },
  "258 debug pnpm:link": {
    "target": "/workspace/.pnpm-store/v3/tmp/dlx-5402/node_modules/.pnpm/onetime@5.1.2/node_modules/onetime",
    "link": "/workspace/.pnpm-store/v3/tmp/dlx-5402/node_modules/.pnpm/restore-cursor@3.1.0/node_modules/onetime"
  },
  "259 debug pnpm:link": {
    "target": "/workspace/.pnpm-store/v3/tmp/dlx-5402/node_modules/.pnpm/signal-exit@3.0.7/node_modules/signal-exit",
    "link": "/workspace/.pnpm-store/v3/tmp/dlx-5402/node_modules/.pnpm/restore-cursor@3.1.0/node_modules/signal-exit"
  },
  "260 debug pnpm:link": {
    "target": "/workspace/.pnpm-store/v3/tmp/dlx-5402/node_modules/.pnpm/mimic-fn@2.1.0/node_modules/mimic-fn",
    "link": "/workspace/.pnpm-store/v3/tmp/dlx-5402/node_modules/.pnpm/onetime@5.1.2/node_modules/mimic-fn"
  },
  "261 debug pnpm:link": {
    "target": "/workspace/.pnpm-store/v3/tmp/dlx-5402/node_modules/.pnpm/chalk@4.1.0/node_modules/chalk",
    "link": "/workspace/.pnpm-store/v3/tmp/dlx-5402/node_modules/.pnpm/log-symbols@4.1.0/node_modules/chalk"
  },
  "262 debug pnpm:link": {
    "target": "/workspace/.pnpm-store/v3/tmp/dlx-5402/node_modules/.pnpm/is-unicode-supported@0.1.0/node_modules/is-unicode-supported",
    "link": "/workspace/.pnpm-store/v3/tmp/dlx-5402/node_modules/.pnpm/log-symbols@4.1.0/node_modules/is-unicode-supported"
  },
  "263 debug pnpm:link": {
    "target": "/workspace/.pnpm-store/v3/tmp/dlx-5402/node_modules/.pnpm/defaults@1.0.3/node_modules/defaults",
    "link": "/workspace/.pnpm-store/v3/tmp/dlx-5402/node_modules/.pnpm/wcwidth@1.0.1/node_modules/defaults"
  },
  "264 debug pnpm:link": {
    "target": "/workspace/.pnpm-store/v3/tmp/dlx-5402/node_modules/.pnpm/clone@1.0.4/node_modules/clone",
    "link": "/workspace/.pnpm-store/v3/tmp/dlx-5402/node_modules/.pnpm/defaults@1.0.3/node_modules/clone"
  },
  "265 debug pnpm:package-import-method": {
    "method": "clone"
  },
  "266 debug pnpm:progress": {
    "method": "clone",
    "requester": "/workspace/.pnpm-store/v3/tmp/dlx-5402",
    "status": "imported",
    "to": "/workspace/.pnpm-store/v3/tmp/dlx-5402/node_modules/.pnpm/glob@7.2.3/node_modules/glob"
  },
  "267 debug pnpm:package-import-method": {
    "method": "clone"
  },
  "268 debug pnpm:progress": {
    "method": "clone",
    "requester": "/workspace/.pnpm-store/v3/tmp/dlx-5402",
    "status": "imported",
    "to": "/workspace/.pnpm-store/v3/tmp/dlx-5402/node_modules/.pnpm/fs.realpath@1.0.0/node_modules/fs.realpath"
  },
  "269 debug pnpm:package-import-method": {
    "method": "clone"
  },
  "270 debug pnpm:progress": {
    "method": "clone",
    "requester": "/workspace/.pnpm-store/v3/tmp/dlx-5402",
    "status": "imported",
    "to": "/workspace/.pnpm-store/v3/tmp/dlx-5402/node_modules/.pnpm/inflight@1.0.6/node_modules/inflight"
  },
  "271 debug pnpm:package-import-method": {
    "method": "clone"
  },
  "272 debug pnpm:progress": {
    "method": "clone",
    "requester": "/workspace/.pnpm-store/v3/tmp/dlx-5402",
    "status": "imported",
    "to": "/workspace/.pnpm-store/v3/tmp/dlx-5402/node_modules/.pnpm/wrappy@1.0.2/node_modules/wrappy"
  },
  "273 debug pnpm:package-import-method": {
    "method": "clone"
  },
  "274 debug pnpm:progress": {
    "method": "clone",
    "requester": "/workspace/.pnpm-store/v3/tmp/dlx-5402",
    "status": "imported",
    "to": "/workspace/.pnpm-store/v3/tmp/dlx-5402/node_modules/.pnpm/brace-expansion@1.1.11/node_modules/brace-expansion"
  },
  "275 debug pnpm:package-import-method": {
    "method": "clone"
  },
  "276 debug pnpm:progress": {
    "method": "clone",
    "requester": "/workspace/.pnpm-store/v3/tmp/dlx-5402",
    "status": "imported",
    "to": "/workspace/.pnpm-store/v3/tmp/dlx-5402/node_modules/.pnpm/inherits@2.0.4/node_modules/inherits"
  },
  "277 debug pnpm:package-import-method": {
    "method": "clone"
  },
  "278 debug pnpm:progress": {
    "method": "clone",
    "requester": "/workspace/.pnpm-store/v3/tmp/dlx-5402",
    "status": "imported",
    "to": "/workspace/.pnpm-store/v3/tmp/dlx-5402/node_modules/.pnpm/minimatch@3.1.2/node_modules/minimatch"
  },
  "279 debug pnpm:package-import-method": {
    "method": "clone"
  },
  "280 debug pnpm:progress": {
    "method": "clone",
    "requester": "/workspace/.pnpm-store/v3/tmp/dlx-5402",
    "status": "imported",
    "to": "/workspace/.pnpm-store/v3/tmp/dlx-5402/node_modules/.pnpm/once@1.4.0/node_modules/once"
  },
  "281 debug pnpm:package-import-method": {
    "method": "clone"
  },
  "282 debug pnpm:progress": {
    "method": "clone",
    "requester": "/workspace/.pnpm-store/v3/tmp/dlx-5402",
    "status": "imported",
    "to": "/workspace/.pnpm-store/v3/tmp/dlx-5402/node_modules/.pnpm/rimraf@3.0.2/node_modules/rimraf"
  },
  "283 debug pnpm:package-import-method": {
    "method": "clone"
  },
  "284 debug pnpm:progress": {
    "method": "clone",
    "requester": "/workspace/.pnpm-store/v3/tmp/dlx-5402",
    "status": "imported",
    "to": "/workspace/.pnpm-store/v3/tmp/dlx-5402/node_modules/.pnpm/path-is-absolute@1.0.1/node_modules/path-is-absolute"
  },
  "285 debug pnpm:package-import-method": {
    "method": "clone"
  },
  "286 debug pnpm:progress": {
    "method": "clone",
    "requester": "/workspace/.pnpm-store/v3/tmp/dlx-5402",
    "status": "imported",
    "to": "/workspace/.pnpm-store/v3/tmp/dlx-5402/node_modules/.pnpm/tmp@0.2.1/node_modules/tmp"
  },
  "287 debug pnpm:package-import-method": {
    "method": "clone"
  },
  "288 debug pnpm:progress": {
    "method": "clone",
    "requester": "/workspace/.pnpm-store/v3/tmp/dlx-5402",
    "status": "imported",
    "to": "/workspace/.pnpm-store/v3/tmp/dlx-5402/node_modules/.pnpm/create-nx-workspace@13.10.5/node_modules/create-nx-workspace"
  },
  "289 debug pnpm:package-import-method": {
    "method": "clone"
  },
  "290 debug pnpm:progress": {
    "method": "clone",
    "requester": "/workspace/.pnpm-store/v3/tmp/dlx-5402",
    "status": "imported",
    "to": "/workspace/.pnpm-store/v3/tmp/dlx-5402/node_modules/.pnpm/balanced-match@1.0.2/node_modules/balanced-match"
  },
  "291 debug pnpm:package-import-method": {
    "method": "clone"
  },
  "292 debug pnpm:progress": {
    "method": "clone",
    "requester": "/workspace/.pnpm-store/v3/tmp/dlx-5402",
    "status": "imported",
    "to": "/workspace/.pnpm-store/v3/tmp/dlx-5402/node_modules/.pnpm/concat-map@0.0.1/node_modules/concat-map"
  },
  "293 debug pnpm:package-import-method": {
    "method": "clone"
  },
  "294 debug pnpm:progress": {
    "method": "clone",
    "requester": "/workspace/.pnpm-store/v3/tmp/dlx-5402",
    "status": "imported",
    "to": "/workspace/.pnpm-store/v3/tmp/dlx-5402/node_modules/.pnpm/yargs@17.5.1/node_modules/yargs"
  },
  "295 debug pnpm:package-import-method": {
    "method": "clone"
  },
  "296 debug pnpm:progress": {
    "method": "clone",
    "requester": "/workspace/.pnpm-store/v3/tmp/dlx-5402",
    "status": "imported",
    "to": "/workspace/.pnpm-store/v3/tmp/dlx-5402/node_modules/.pnpm/cliui@7.0.4/node_modules/cliui"
  },
  "297 debug pnpm:progress": {
    "method": "clone",
    "requester": "/workspace/.pnpm-store/v3/tmp/dlx-5402",
    "status": "imported",
    "to": "/workspace/.pnpm-store/v3/tmp/dlx-5402/node_modules/.pnpm/ansi-regex@5.0.1/node_modules/ansi-regex"
  },
  "298 debug pnpm:progress": {
    "method": "clone",
    "requester": "/workspace/.pnpm-store/v3/tmp/dlx-5402",
    "status": "imported",
    "to": "/workspace/.pnpm-store/v3/tmp/dlx-5402/node_modules/.pnpm/wrap-ansi@7.0.0/node_modules/wrap-ansi"
  },
  "299 debug pnpm:progress": {
    "method": "clone",
    "requester": "/workspace/.pnpm-store/v3/tmp/dlx-5402",
    "status": "imported",
    "to": "/workspace/.pnpm-store/v3/tmp/dlx-5402/node_modules/.pnpm/ansi-styles@4.3.0/node_modules/ansi-styles"
  },
  "300 debug pnpm:progress": {
    "method": "clone",
    "requester": "/workspace/.pnpm-store/v3/tmp/dlx-5402",
    "status": "imported",
    "to": "/workspace/.pnpm-store/v3/tmp/dlx-5402/node_modules/.pnpm/color-name@1.1.4/node_modules/color-name"
  },
  "301 debug pnpm:progress": {
    "method": "clone",
    "requester": "/workspace/.pnpm-store/v3/tmp/dlx-5402",
    "status": "imported",
    "to": "/workspace/.pnpm-store/v3/tmp/dlx-5402/node_modules/.pnpm/color-convert@2.0.1/node_modules/color-convert"
  },
  "302 debug pnpm:progress": {
    "method": "clone",
    "requester": "/workspace/.pnpm-store/v3/tmp/dlx-5402",
    "status": "imported",
    "to": "/workspace/.pnpm-store/v3/tmp/dlx-5402/node_modules/.pnpm/strip-ansi@6.0.1/node_modules/strip-ansi"
  },
  "303 debug pnpm:progress": {
    "method": "clone",
    "requester": "/workspace/.pnpm-store/v3/tmp/dlx-5402",
    "status": "imported",
    "to": "/workspace/.pnpm-store/v3/tmp/dlx-5402/node_modules/.pnpm/get-caller-file@2.0.5/node_modules/get-caller-file"
  },
  "304 debug pnpm:progress": {
    "method": "clone",
    "requester": "/workspace/.pnpm-store/v3/tmp/dlx-5402",
    "status": "imported",
    "to": "/workspace/.pnpm-store/v3/tmp/dlx-5402/node_modules/.pnpm/require-directory@2.1.1/node_modules/require-directory"
  },
  "305 debug pnpm:progress": {
    "method": "clone",
    "requester": "/workspace/.pnpm-store/v3/tmp/dlx-5402",
    "status": "imported",
    "to": "/workspace/.pnpm-store/v3/tmp/dlx-5402/node_modules/.pnpm/string-width@4.2.3/node_modules/string-width"
  },
  "306 debug pnpm:progress": {
    "method": "clone",
    "requester": "/workspace/.pnpm-store/v3/tmp/dlx-5402",
    "status": "imported",
    "to": "/workspace/.pnpm-store/v3/tmp/dlx-5402/node_modules/.pnpm/is-fullwidth-code-point@3.0.0/node_modules/is-fullwidth-code-point"
  },
  "307 debug pnpm:progress": {
    "method": "clone",
    "requester": "/workspace/.pnpm-store/v3/tmp/dlx-5402",
    "status": "imported",
    "to": "/workspace/.pnpm-store/v3/tmp/dlx-5402/node_modules/.pnpm/escalade@3.1.1/node_modules/escalade"
  },
  "308 debug pnpm:progress": {
    "method": "clone",
    "requester": "/workspace/.pnpm-store/v3/tmp/dlx-5402",
    "status": "imported",
    "to": "/workspace/.pnpm-store/v3/tmp/dlx-5402/node_modules/.pnpm/emoji-regex@8.0.0/node_modules/emoji-regex"
  },
  "309 debug pnpm:progress": {
    "method": "clone",
    "requester": "/workspace/.pnpm-store/v3/tmp/dlx-5402",
    "status": "imported",
    "to": "/workspace/.pnpm-store/v3/tmp/dlx-5402/node_modules/.pnpm/enquirer@2.3.6/node_modules/enquirer"
  },
  "310 debug pnpm:progress": {
    "method": "clone",
    "requester": "/workspace/.pnpm-store/v3/tmp/dlx-5402",
    "status": "imported",
    "to": "/workspace/.pnpm-store/v3/tmp/dlx-5402/node_modules/.pnpm/yargs-parser@21.0.1/node_modules/yargs-parser"
  },
  "311 debug pnpm:progress": {
    "method": "clone",
    "requester": "/workspace/.pnpm-store/v3/tmp/dlx-5402",
    "status": "imported",
    "to": "/workspace/.pnpm-store/v3/tmp/dlx-5402/node_modules/.pnpm/ansi-colors@4.1.3/node_modules/ansi-colors"
  },
  "312 debug pnpm:progress": {
    "method": "clone",
    "requester": "/workspace/.pnpm-store/v3/tmp/dlx-5402",
    "status": "imported",
    "to": "/workspace/.pnpm-store/v3/tmp/dlx-5402/node_modules/.pnpm/supports-color@7.2.0/node_modules/supports-color"
  },
  "313 debug pnpm:progress": {
    "method": "clone",
    "requester": "/workspace/.pnpm-store/v3/tmp/dlx-5402",
    "status": "imported",
    "to": "/workspace/.pnpm-store/v3/tmp/dlx-5402/node_modules/.pnpm/ora@5.3.0/node_modules/ora"
  },
  "314 debug pnpm:progress": {
    "method": "clone",
    "requester": "/workspace/.pnpm-store/v3/tmp/dlx-5402",
    "status": "imported",
    "to": "/workspace/.pnpm-store/v3/tmp/dlx-5402/node_modules/.pnpm/y18n@5.0.8/node_modules/y18n"
  },
  "315 debug pnpm:progress": {
    "method": "clone",
    "requester": "/workspace/.pnpm-store/v3/tmp/dlx-5402",
    "status": "imported",
    "to": "/workspace/.pnpm-store/v3/tmp/dlx-5402/node_modules/.pnpm/has-flag@4.0.0/node_modules/has-flag"
  },
  "316 debug pnpm:progress": {
    "method": "clone",
    "requester": "/workspace/.pnpm-store/v3/tmp/dlx-5402",
    "status": "imported",
    "to": "/workspace/.pnpm-store/v3/tmp/dlx-5402/node_modules/.pnpm/buffer@5.7.1/node_modules/buffer"
  },
  "317 debug pnpm:progress": {
    "method": "clone",
    "requester": "/workspace/.pnpm-store/v3/tmp/dlx-5402",
    "status": "imported",
    "to": "/workspace/.pnpm-store/v3/tmp/dlx-5402/node_modules/.pnpm/base64-js@1.5.1/node_modules/base64-js"
  },
  "318 debug pnpm:progress": {
    "method": "clone",
    "requester": "/workspace/.pnpm-store/v3/tmp/dlx-5402",
    "status": "imported",
    "to": "/workspace/.pnpm-store/v3/tmp/dlx-5402/node_modules/.pnpm/flat@5.0.2/node_modules/flat"
  },
  "319 debug pnpm:progress": {
    "method": "clone",
    "requester": "/workspace/.pnpm-store/v3/tmp/dlx-5402",
    "status": "imported",
    "to": "/workspace/.pnpm-store/v3/tmp/dlx-5402/node_modules/.pnpm/chalk@4.1.0/node_modules/chalk"
  },
  "320 debug pnpm:progress": {
    "method": "clone",
    "requester": "/workspace/.pnpm-store/v3/tmp/dlx-5402",
    "status": "imported",
    "to": "/workspace/.pnpm-store/v3/tmp/dlx-5402/node_modules/.pnpm/ieee754@1.2.1/node_modules/ieee754"
  },
  "321 debug pnpm:progress": {
    "method": "clone",
    "requester": "/workspace/.pnpm-store/v3/tmp/dlx-5402",
    "status": "imported",
    "to": "/workspace/.pnpm-store/v3/tmp/dlx-5402/node_modules/.pnpm/bl@4.1.0/node_modules/bl"
  },
  "322 debug pnpm:progress": {
    "method": "clone",
    "requester": "/workspace/.pnpm-store/v3/tmp/dlx-5402",
    "status": "imported",
    "to": "/workspace/.pnpm-store/v3/tmp/dlx-5402/node_modules/.pnpm/safe-buffer@5.2.1/node_modules/safe-buffer"
  },
  "323 debug pnpm:progress": {
    "method": "clone",
    "requester": "/workspace/.pnpm-store/v3/tmp/dlx-5402",
    "status": "imported",
    "to": "/workspace/.pnpm-store/v3/tmp/dlx-5402/node_modules/.pnpm/string_decoder@1.3.0/node_modules/string_decoder"
  },
  "324 debug pnpm:progress": {
    "method": "clone",
    "requester": "/workspace/.pnpm-store/v3/tmp/dlx-5402",
    "status": "imported",
    "to": "/workspace/.pnpm-store/v3/tmp/dlx-5402/node_modules/.pnpm/readable-stream@3.6.0/node_modules/readable-stream"
  },
  "325 debug pnpm:progress": {
    "method": "clone",
    "requester": "/workspace/.pnpm-store/v3/tmp/dlx-5402",
    "status": "imported",
    "to": "/workspace/.pnpm-store/v3/tmp/dlx-5402/node_modules/.pnpm/util-deprecate@1.0.2/node_modules/util-deprecate"
  },
  "326 debug pnpm:progress": {
    "method": "clone",
    "requester": "/workspace/.pnpm-store/v3/tmp/dlx-5402",
    "status": "imported",
    "to": "/workspace/.pnpm-store/v3/tmp/dlx-5402/node_modules/.pnpm/cli-cursor@3.1.0/node_modules/cli-cursor"
  },
  "327 debug pnpm:progress": {
    "method": "clone",
    "requester": "/workspace/.pnpm-store/v3/tmp/dlx-5402",
    "status": "imported",
    "to": "/workspace/.pnpm-store/v3/tmp/dlx-5402/node_modules/.pnpm/restore-cursor@3.1.0/node_modules/restore-cursor"
  },
  "328 debug pnpm:progress": {
    "method": "clone",
    "requester": "/workspace/.pnpm-store/v3/tmp/dlx-5402",
    "status": "imported",
    "to": "/workspace/.pnpm-store/v3/tmp/dlx-5402/node_modules/.pnpm/onetime@5.1.2/node_modules/onetime"
  },
  "329 debug pnpm:progress": {
    "method": "clone",
    "requester": "/workspace/.pnpm-store/v3/tmp/dlx-5402",
    "status": "imported",
    "to": "/workspace/.pnpm-store/v3/tmp/dlx-5402/node_modules/.pnpm/signal-exit@3.0.7/node_modules/signal-exit"
  },
  "330 debug pnpm:progress": {
    "method": "clone",
    "requester": "/workspace/.pnpm-store/v3/tmp/dlx-5402",
    "status": "imported",
    "to": "/workspace/.pnpm-store/v3/tmp/dlx-5402/node_modules/.pnpm/mimic-fn@2.1.0/node_modules/mimic-fn"
  },
  "331 debug pnpm:progress": {
    "method": "clone",
    "requester": "/workspace/.pnpm-store/v3/tmp/dlx-5402",
    "status": "imported",
    "to": "/workspace/.pnpm-store/v3/tmp/dlx-5402/node_modules/.pnpm/is-interactive@1.0.0/node_modules/is-interactive"
  },
  "332 debug pnpm:progress": {
    "method": "clone",
    "requester": "/workspace/.pnpm-store/v3/tmp/dlx-5402",
    "status": "imported",
    "to": "/workspace/.pnpm-store/v3/tmp/dlx-5402/node_modules/.pnpm/cli-spinners@2.6.1/node_modules/cli-spinners"
  },
  "333 debug pnpm:progress": {
    "method": "clone",
    "requester": "/workspace/.pnpm-store/v3/tmp/dlx-5402",
    "status": "imported",
    "to": "/workspace/.pnpm-store/v3/tmp/dlx-5402/node_modules/.pnpm/log-symbols@4.1.0/node_modules/log-symbols"
  },
  "334 debug pnpm:progress": {
    "method": "clone",
    "requester": "/workspace/.pnpm-store/v3/tmp/dlx-5402",
    "status": "imported",
    "to": "/workspace/.pnpm-store/v3/tmp/dlx-5402/node_modules/.pnpm/is-unicode-supported@0.1.0/node_modules/is-unicode-supported"
  },
  "335 debug pnpm:progress": {
    "method": "clone",
    "requester": "/workspace/.pnpm-store/v3/tmp/dlx-5402",
    "status": "imported",
    "to": "/workspace/.pnpm-store/v3/tmp/dlx-5402/node_modules/.pnpm/defaults@1.0.3/node_modules/defaults"
  },
  "336 debug pnpm:progress": {
    "method": "clone",
    "requester": "/workspace/.pnpm-store/v3/tmp/dlx-5402",
    "status": "imported",
    "to": "/workspace/.pnpm-store/v3/tmp/dlx-5402/node_modules/.pnpm/clone@1.0.4/node_modules/clone"
  },
  "337 debug pnpm:progress": {
    "method": "clone",
    "requester": "/workspace/.pnpm-store/v3/tmp/dlx-5402",
    "status": "imported",
    "to": "/workspace/.pnpm-store/v3/tmp/dlx-5402/node_modules/.pnpm/wcwidth@1.0.1/node_modules/wcwidth"
  },
  "338 debug pnpm:progress": {
    "method": "clone",
    "requester": "/workspace/.pnpm-store/v3/tmp/dlx-5402",
    "status": "imported",
    "to": "/workspace/.pnpm-store/v3/tmp/dlx-5402/node_modules/.pnpm/tslib@2.4.0/node_modules/tslib"
  },
  "339 debug pnpm:stage": {
    "prefix": "/workspace/.pnpm-store/v3/tmp/dlx-5402",
    "stage": "importing_done"
  },
  "340 debug pnpm:link": {
    "target": "/workspace/.pnpm-store/v3/tmp/dlx-5402/node_modules/.pnpm/create-nx-workspace@13.10.5/node_modules/create-nx-workspace",
    "link": "/workspace/.pnpm-store/v3/tmp/dlx-5402/node_modules/create-nx-workspace"
  },
  "341 debug pnpm:root": {
    "added": {
      "dependencyType": "prod",
      "id": "registry.npmjs.org/create-nx-workspace/13.10.5",
      "latest": "14.3.6",
      "name": "create-nx-workspace",
      "realName": "create-nx-workspace",
      "version": "13.10.5"
    },
    "prefix": "/workspace/.pnpm-store/v3/tmp/dlx-5402"
  },
  "342 debug pnpm:link": {
    "target": "/workspace/.pnpm-store/v3/tmp/dlx-5402/node_modules/.pnpm/tmp@0.2.1/node_modules/tmp",
    "link": "/workspace/.pnpm-store/v3/tmp/dlx-5402/node_modules/.pnpm/node_modules/tmp"
  },
  "343 debug pnpm:link": {
    "target": "/workspace/.pnpm-store/v3/tmp/dlx-5402/node_modules/.pnpm/yargs@17.5.1/node_modules/yargs",
    "link": "/workspace/.pnpm-store/v3/tmp/dlx-5402/node_modules/.pnpm/node_modules/yargs"
  },
  "344 debug pnpm:link": {
    "target": "/workspace/.pnpm-store/v3/tmp/dlx-5402/node_modules/.pnpm/enquirer@2.3.6/node_modules/enquirer",
    "link": "/workspace/.pnpm-store/v3/tmp/dlx-5402/node_modules/.pnpm/node_modules/enquirer"
  },
  "345 debug pnpm:link": {
    "target": "/workspace/.pnpm-store/v3/tmp/dlx-5402/node_modules/.pnpm/flat@5.0.2/node_modules/flat",
    "link": "/workspace/.pnpm-store/v3/tmp/dlx-5402/node_modules/.pnpm/node_modules/flat"
  },
  "346 debug pnpm:link": {
    "target": "/workspace/.pnpm-store/v3/tmp/dlx-5402/node_modules/.pnpm/chalk@4.1.0/node_modules/chalk",
    "link": "/workspace/.pnpm-store/v3/tmp/dlx-5402/node_modules/.pnpm/node_modules/chalk"
  },
  "347 debug pnpm:link": {
    "target": "/workspace/.pnpm-store/v3/tmp/dlx-5402/node_modules/.pnpm/ora@5.3.0/node_modules/ora",
    "link": "/workspace/.pnpm-store/v3/tmp/dlx-5402/node_modules/.pnpm/node_modules/ora"
  },
  "348 debug pnpm:link": {
    "target": "/workspace/.pnpm-store/v3/tmp/dlx-5402/node_modules/.pnpm/tslib@2.4.0/node_modules/tslib",
    "link": "/workspace/.pnpm-store/v3/tmp/dlx-5402/node_modules/.pnpm/node_modules/tslib"
  },
  "349 debug pnpm:link": {
    "target": "/workspace/.pnpm-store/v3/tmp/dlx-5402/node_modules/.pnpm/ansi-styles@4.3.0/node_modules/ansi-styles",
    "link": "/workspace/.pnpm-store/v3/tmp/dlx-5402/node_modules/.pnpm/node_modules/ansi-styles"
  },
  "350 debug pnpm:link": {
    "target": "/workspace/.pnpm-store/v3/tmp/dlx-5402/node_modules/.pnpm/supports-color@7.2.0/node_modules/supports-color",
    "link": "/workspace/.pnpm-store/v3/tmp/dlx-5402/node_modules/.pnpm/node_modules/supports-color"
  },
  "351 debug pnpm:link": {
    "target": "/workspace/.pnpm-store/v3/tmp/dlx-5402/node_modules/.pnpm/ansi-colors@4.1.3/node_modules/ansi-colors",
    "link": "/workspace/.pnpm-store/v3/tmp/dlx-5402/node_modules/.pnpm/node_modules/ansi-colors"
  },
  "352 debug pnpm:link": {
    "target": "/workspace/.pnpm-store/v3/tmp/dlx-5402/node_modules/.pnpm/bl@4.1.0/node_modules/bl",
    "link": "/workspace/.pnpm-store/v3/tmp/dlx-5402/node_modules/.pnpm/node_modules/bl"
  },
  "353 debug pnpm:link": {
    "target": "/workspace/.pnpm-store/v3/tmp/dlx-5402/node_modules/.pnpm/cli-cursor@3.1.0/node_modules/cli-cursor",
    "link": "/workspace/.pnpm-store/v3/tmp/dlx-5402/node_modules/.pnpm/node_modules/cli-cursor"
  },
  "354 debug pnpm:link": {
    "target": "/workspace/.pnpm-store/v3/tmp/dlx-5402/node_modules/.pnpm/cli-spinners@2.6.1/node_modules/cli-spinners",
    "link": "/workspace/.pnpm-store/v3/tmp/dlx-5402/node_modules/.pnpm/node_modules/cli-spinners"
  },
  "355 debug pnpm:link": {
    "target": "/workspace/.pnpm-store/v3/tmp/dlx-5402/node_modules/.pnpm/is-interactive@1.0.0/node_modules/is-interactive",
    "link": "/workspace/.pnpm-store/v3/tmp/dlx-5402/node_modules/.pnpm/node_modules/is-interactive"
  },
  "356 debug pnpm:link": {
    "target": "/workspace/.pnpm-store/v3/tmp/dlx-5402/node_modules/.pnpm/log-symbols@4.1.0/node_modules/log-symbols",
    "link": "/workspace/.pnpm-store/v3/tmp/dlx-5402/node_modules/.pnpm/node_modules/log-symbols"
  },
  "357 debug pnpm:link": {
    "target": "/workspace/.pnpm-store/v3/tmp/dlx-5402/node_modules/.pnpm/strip-ansi@6.0.1/node_modules/strip-ansi",
    "link": "/workspace/.pnpm-store/v3/tmp/dlx-5402/node_modules/.pnpm/node_modules/strip-ansi"
  },
  "358 debug pnpm:link": {
    "target": "/workspace/.pnpm-store/v3/tmp/dlx-5402/node_modules/.pnpm/wcwidth@1.0.1/node_modules/wcwidth",
    "link": "/workspace/.pnpm-store/v3/tmp/dlx-5402/node_modules/.pnpm/node_modules/wcwidth"
  },
  "359 debug pnpm:link": {
    "target": "/workspace/.pnpm-store/v3/tmp/dlx-5402/node_modules/.pnpm/rimraf@3.0.2/node_modules/rimraf",
    "link": "/workspace/.pnpm-store/v3/tmp/dlx-5402/node_modules/.pnpm/node_modules/rimraf"
  },
  "360 debug pnpm:link": {
    "target": "/workspace/.pnpm-store/v3/tmp/dlx-5402/node_modules/.pnpm/cliui@7.0.4/node_modules/cliui",
    "link": "/workspace/.pnpm-store/v3/tmp/dlx-5402/node_modules/.pnpm/node_modules/cliui"
  },
  "361 debug pnpm:link": {
    "target": "/workspace/.pnpm-store/v3/tmp/dlx-5402/node_modules/.pnpm/escalade@3.1.1/node_modules/escalade",
    "link": "/workspace/.pnpm-store/v3/tmp/dlx-5402/node_modules/.pnpm/node_modules/escalade"
  },
  "362 debug pnpm:link": {
    "target": "/workspace/.pnpm-store/v3/tmp/dlx-5402/node_modules/.pnpm/get-caller-file@2.0.5/node_modules/get-caller-file",
    "link": "/workspace/.pnpm-store/v3/tmp/dlx-5402/node_modules/.pnpm/node_modules/get-caller-file"
  },
  "363 debug pnpm:link": {
    "target": "/workspace/.pnpm-store/v3/tmp/dlx-5402/node_modules/.pnpm/require-directory@2.1.1/node_modules/require-directory",
    "link": "/workspace/.pnpm-store/v3/tmp/dlx-5402/node_modules/.pnpm/node_modules/require-directory"
  },
  "364 debug pnpm:link": {
    "target": "/workspace/.pnpm-store/v3/tmp/dlx-5402/node_modules/.pnpm/string-width@4.2.3/node_modules/string-width",
    "link": "/workspace/.pnpm-store/v3/tmp/dlx-5402/node_modules/.pnpm/node_modules/string-width"
  },
  "365 debug pnpm:link": {
    "target": "/workspace/.pnpm-store/v3/tmp/dlx-5402/node_modules/.pnpm/y18n@5.0.8/node_modules/y18n",
    "link": "/workspace/.pnpm-store/v3/tmp/dlx-5402/node_modules/.pnpm/node_modules/y18n"
  },
  "366 debug pnpm:link": {
    "target": "/workspace/.pnpm-store/v3/tmp/dlx-5402/node_modules/.pnpm/yargs-parser@21.0.1/node_modules/yargs-parser",
    "link": "/workspace/.pnpm-store/v3/tmp/dlx-5402/node_modules/.pnpm/node_modules/yargs-parser"
  },
  "367 debug pnpm:link": {
    "target": "/workspace/.pnpm-store/v3/tmp/dlx-5402/node_modules/.pnpm/color-convert@2.0.1/node_modules/color-convert",
    "link": "/workspace/.pnpm-store/v3/tmp/dlx-5402/node_modules/.pnpm/node_modules/color-convert"
  },
  "368 debug pnpm:link": {
    "target": "/workspace/.pnpm-store/v3/tmp/dlx-5402/node_modules/.pnpm/buffer@5.7.1/node_modules/buffer",
    "link": "/workspace/.pnpm-store/v3/tmp/dlx-5402/node_modules/.pnpm/node_modules/buffer"
  },
  "369 debug pnpm:link": {
    "target": "/workspace/.pnpm-store/v3/tmp/dlx-5402/node_modules/.pnpm/inherits@2.0.4/node_modules/inherits",
    "link": "/workspace/.pnpm-store/v3/tmp/dlx-5402/node_modules/.pnpm/node_modules/inherits"
  },
  "370 debug pnpm:link": {
    "target": "/workspace/.pnpm-store/v3/tmp/dlx-5402/node_modules/.pnpm/readable-stream@3.6.0/node_modules/readable-stream",
    "link": "/workspace/.pnpm-store/v3/tmp/dlx-5402/node_modules/.pnpm/node_modules/readable-stream"
  },
  "371 debug pnpm:link": {
    "target": "/workspace/.pnpm-store/v3/tmp/dlx-5402/node_modules/.pnpm/restore-cursor@3.1.0/node_modules/restore-cursor",
    "link": "/workspace/.pnpm-store/v3/tmp/dlx-5402/node_modules/.pnpm/node_modules/restore-cursor"
  },
  "372 debug pnpm:link": {
    "target": "/workspace/.pnpm-store/v3/tmp/dlx-5402/node_modules/.pnpm/wrap-ansi@7.0.0/node_modules/wrap-ansi",
    "link": "/workspace/.pnpm-store/v3/tmp/dlx-5402/node_modules/.pnpm/node_modules/wrap-ansi"
  },
  "373 debug pnpm:link": {
    "target": "/workspace/.pnpm-store/v3/tmp/dlx-5402/node_modules/.pnpm/is-unicode-supported@0.1.0/node_modules/is-unicode-supported",
    "link": "/workspace/.pnpm-store/v3/tmp/dlx-5402/node_modules/.pnpm/node_modules/is-unicode-supported"
  },
  "374 debug pnpm:link": {
    "target": "/workspace/.pnpm-store/v3/tmp/dlx-5402/node_modules/.pnpm/glob@7.2.3/node_modules/glob",
    "link": "/workspace/.pnpm-store/v3/tmp/dlx-5402/node_modules/.pnpm/node_modules/glob"
  },
  "375 debug pnpm:link": {
    "target": "/workspace/.pnpm-store/v3/tmp/dlx-5402/node_modules/.pnpm/emoji-regex@8.0.0/node_modules/emoji-regex",
    "link": "/workspace/.pnpm-store/v3/tmp/dlx-5402/node_modules/.pnpm/node_modules/emoji-regex"
  },
  "376 debug pnpm:link": {
    "target": "/workspace/.pnpm-store/v3/tmp/dlx-5402/node_modules/.pnpm/is-fullwidth-code-point@3.0.0/node_modules/is-fullwidth-code-point",
    "link": "/workspace/.pnpm-store/v3/tmp/dlx-5402/node_modules/.pnpm/node_modules/is-fullwidth-code-point"
  },
  "377 debug pnpm:link": {
    "target": "/workspace/.pnpm-store/v3/tmp/dlx-5402/node_modules/.pnpm/ansi-regex@5.0.1/node_modules/ansi-regex",
    "link": "/workspace/.pnpm-store/v3/tmp/dlx-5402/node_modules/.pnpm/node_modules/ansi-regex"
  },
  "378 debug pnpm:link": {
    "target": "/workspace/.pnpm-store/v3/tmp/dlx-5402/node_modules/.pnpm/has-flag@4.0.0/node_modules/has-flag",
    "link": "/workspace/.pnpm-store/v3/tmp/dlx-5402/node_modules/.pnpm/node_modules/has-flag"
  },
  "379 debug pnpm:link": {
    "target": "/workspace/.pnpm-store/v3/tmp/dlx-5402/node_modules/.pnpm/defaults@1.0.3/node_modules/defaults",
    "link": "/workspace/.pnpm-store/v3/tmp/dlx-5402/node_modules/.pnpm/node_modules/defaults"
  },
  "380 debug pnpm:link": {
    "target": "/workspace/.pnpm-store/v3/tmp/dlx-5402/node_modules/.pnpm/base64-js@1.5.1/node_modules/base64-js",
    "link": "/workspace/.pnpm-store/v3/tmp/dlx-5402/node_modules/.pnpm/node_modules/base64-js"
  },
  "381 debug pnpm:link": {
    "target": "/workspace/.pnpm-store/v3/tmp/dlx-5402/node_modules/.pnpm/ieee754@1.2.1/node_modules/ieee754",
    "link": "/workspace/.pnpm-store/v3/tmp/dlx-5402/node_modules/.pnpm/node_modules/ieee754"
  },
  "382 debug pnpm:link": {
    "target": "/workspace/.pnpm-store/v3/tmp/dlx-5402/node_modules/.pnpm/color-name@1.1.4/node_modules/color-name",
    "link": "/workspace/.pnpm-store/v3/tmp/dlx-5402/node_modules/.pnpm/node_modules/color-name"
  },
  "383 debug pnpm:link": {
    "target": "/workspace/.pnpm-store/v3/tmp/dlx-5402/node_modules/.pnpm/clone@1.0.4/node_modules/clone",
    "link": "/workspace/.pnpm-store/v3/tmp/dlx-5402/node_modules/.pnpm/node_modules/clone"
  },
  "384 debug pnpm:link": {
    "target": "/workspace/.pnpm-store/v3/tmp/dlx-5402/node_modules/.pnpm/fs.realpath@1.0.0/node_modules/fs.realpath",
    "link": "/workspace/.pnpm-store/v3/tmp/dlx-5402/node_modules/.pnpm/node_modules/fs.realpath"
  },
  "385 debug pnpm:link": {
    "target": "/workspace/.pnpm-store/v3/tmp/dlx-5402/node_modules/.pnpm/inflight@1.0.6/node_modules/inflight",
    "link": "/workspace/.pnpm-store/v3/tmp/dlx-5402/node_modules/.pnpm/node_modules/inflight"
  },
  "386 debug pnpm:link": {
    "target": "/workspace/.pnpm-store/v3/tmp/dlx-5402/node_modules/.pnpm/minimatch@3.1.2/node_modules/minimatch",
    "link": "/workspace/.pnpm-store/v3/tmp/dlx-5402/node_modules/.pnpm/node_modules/minimatch"
  },
  "387 debug pnpm:link": {
    "target": "/workspace/.pnpm-store/v3/tmp/dlx-5402/node_modules/.pnpm/once@1.4.0/node_modules/once",
    "link": "/workspace/.pnpm-store/v3/tmp/dlx-5402/node_modules/.pnpm/node_modules/once"
  },
  "388 debug pnpm:link": {
    "target": "/workspace/.pnpm-store/v3/tmp/dlx-5402/node_modules/.pnpm/path-is-absolute@1.0.1/node_modules/path-is-absolute",
    "link": "/workspace/.pnpm-store/v3/tmp/dlx-5402/node_modules/.pnpm/node_modules/path-is-absolute"
  },
  "389 debug pnpm:link": {
    "target": "/workspace/.pnpm-store/v3/tmp/dlx-5402/node_modules/.pnpm/string_decoder@1.3.0/node_modules/string_decoder",
    "link": "/workspace/.pnpm-store/v3/tmp/dlx-5402/node_modules/.pnpm/node_modules/string_decoder"
  },
  "390 debug pnpm:link": {
    "target": "/workspace/.pnpm-store/v3/tmp/dlx-5402/node_modules/.pnpm/util-deprecate@1.0.2/node_modules/util-deprecate",
    "link": "/workspace/.pnpm-store/v3/tmp/dlx-5402/node_modules/.pnpm/node_modules/util-deprecate"
  },
  "391 debug pnpm:link": {
    "target": "/workspace/.pnpm-store/v3/tmp/dlx-5402/node_modules/.pnpm/onetime@5.1.2/node_modules/onetime",
    "link": "/workspace/.pnpm-store/v3/tmp/dlx-5402/node_modules/.pnpm/node_modules/onetime"
  },
  "392 debug pnpm:link": {
    "target": "/workspace/.pnpm-store/v3/tmp/dlx-5402/node_modules/.pnpm/signal-exit@3.0.7/node_modules/signal-exit",
    "link": "/workspace/.pnpm-store/v3/tmp/dlx-5402/node_modules/.pnpm/node_modules/signal-exit"
  },
  "393 debug pnpm:link": {
    "target": "/workspace/.pnpm-store/v3/tmp/dlx-5402/node_modules/.pnpm/wrappy@1.0.2/node_modules/wrappy",
    "link": "/workspace/.pnpm-store/v3/tmp/dlx-5402/node_modules/.pnpm/node_modules/wrappy"
  },
  "394 debug pnpm:link": {
    "target": "/workspace/.pnpm-store/v3/tmp/dlx-5402/node_modules/.pnpm/brace-expansion@1.1.11/node_modules/brace-expansion",
    "link": "/workspace/.pnpm-store/v3/tmp/dlx-5402/node_modules/.pnpm/node_modules/brace-expansion"
  },
  "395 debug pnpm:link": {
    "target": "/workspace/.pnpm-store/v3/tmp/dlx-5402/node_modules/.pnpm/mimic-fn@2.1.0/node_modules/mimic-fn",
    "link": "/workspace/.pnpm-store/v3/tmp/dlx-5402/node_modules/.pnpm/node_modules/mimic-fn"
  },
  "396 debug pnpm:link": {
    "target": "/workspace/.pnpm-store/v3/tmp/dlx-5402/node_modules/.pnpm/safe-buffer@5.2.1/node_modules/safe-buffer",
    "link": "/workspace/.pnpm-store/v3/tmp/dlx-5402/node_modules/.pnpm/node_modules/safe-buffer"
  },
  "397 debug pnpm:link": {
    "target": "/workspace/.pnpm-store/v3/tmp/dlx-5402/node_modules/.pnpm/balanced-match@1.0.2/node_modules/balanced-match",
    "link": "/workspace/.pnpm-store/v3/tmp/dlx-5402/node_modules/.pnpm/node_modules/balanced-match"
  },
  "398 debug pnpm:link": {
    "target": "/workspace/.pnpm-store/v3/tmp/dlx-5402/node_modules/.pnpm/concat-map@0.0.1/node_modules/concat-map",
    "link": "/workspace/.pnpm-store/v3/tmp/dlx-5402/node_modules/.pnpm/node_modules/concat-map"
  },
  "399 debug pnpm:summary": {
    "prefix": "/workspace/.pnpm-store/v3/tmp/dlx-5402"
  },
  "400 error pnpm": {
    "shortMessage": "Command failed with exit code 1: /workspace/.pnpm-store/v3/tmp/dlx-5402/node_modules/.bin/create-nx-workspace",
    "command": "/workspace/.pnpm-store/v3/tmp/dlx-5402/node_modules/.bin/create-nx-workspace",
    "escapedCommand": "\"/workspace/.pnpm-store/v3/tmp/dlx-5402/node_modules/.bin/create-nx-workspace\"",
    "exitCode": 1,
    "failed": true,
    "timedOut": false,
    "isCanceled": false,
    "killed": false,
    "err": {
      "name": "pnpm",
      "message": "Command failed with exit code 1: /workspace/.pnpm-store/v3/tmp/dlx-5402/node_modules/.bin/create-nx-workspace",
      "stack": "pnpm: Command failed with exit code 1: /workspace/.pnpm-store/v3/tmp/dlx-5402/node_modules/.bin/create-nx-workspace\n    at makeError (/home/gitpod/.nvm/versions/node/v16.15.1/lib/node_modules/pnpm/dist/pnpx.cjs:16527:17)\n    at handlePromise (/home/gitpod/.nvm/versions/node/v16.15.1/lib/node_modules/pnpm/dist/pnpx.cjs:17098:33)\n    at processTicksAndRejections (node:internal/process/task_queues:96:5)\n    at async Object.handler [as dlx] (/home/gitpod/.nvm/versions/node/v16.15.1/lib/node_modules/pnpm/dist/pnpx.cjs:178696:7)\n    at async /home/gitpod/.nvm/versions/node/v16.15.1/lib/node_modules/pnpm/dist/pnpx.cjs:187855:21\n    at async run (/home/gitpod/.nvm/versions/node/v16.15.1/lib/node_modules/pnpm/dist/pnpx.cjs:187829:34)\n    at async /home/gitpod/.nvm/versions/node/v16.15.1/lib/node_modules/pnpm/dist/pnpx.cjs:187901:5"
    }
  }
}